{"/Users/igorganapolsky/workspace/git/apps/SuperPassword/src/App.tsx": {"path":"/Users/igorganapolsky/workspace/git/apps/SuperPassword/src/App.tsx","statementMap":{"0":{"start":{"line":5,"column":12},"end":{"line":13,"column":1}},"1":{"start":{"line":6,"column":2},"end":{"line":12,"column":4}},"2":{"start":{"line":15,"column":15},"end":{"line":19,"column":2}}},"fnMap":{"0":{"name":"(anonymous_0)","decl":{"start":{"line":5,"column":12},"end":{"line":5,"column":13}},"loc":{"start":{"line":5,"column":18},"end":{"line":13,"column":1}},"line":5}},"branchMap":{},"s":{"0":0,"1":0,"2":0},"f":{"0":0},"b":{}}
,"/Users/igorganapolsky/workspace/git/apps/SuperPassword/src/components/ErrorFallback.tsx": {"path":"/Users/igorganapolsky/workspace/git/apps/SuperPassword/src/components/ErrorFallback.tsx","statementMap":{"0":{"start":{"line":10,"column":59},"end":{"line":33,"column":1}},"1":{"start":{"line":14,"column":2},"end":{"line":32,"column":4}},"2":{"start":{"line":35,"column":15},"end":{"line":85,"column":2}}},"fnMap":{"0":{"name":"(anonymous_0)","decl":{"start":{"line":10,"column":59},"end":{"line":10,"column":60}},"loc":{"start":{"line":13,"column":6},"end":{"line":33,"column":1}},"line":13}},"branchMap":{"0":{"loc":{"start":{"line":22,"column":7},"end":{"line":27,"column":7}},"type":"binary-expr","locations":[{"start":{"line":22,"column":7},"end":{"line":22,"column":14}},{"start":{"line":23,"column":8},"end":{"line":26,"column":15}}],"line":22}},"s":{"0":0,"1":0,"2":0},"f":{"0":0},"b":{"0":[0,0]}}
,"/Users/igorganapolsky/workspace/git/apps/SuperPassword/src/components/SentryTest.tsx": {"path":"/Users/igorganapolsky/workspace/git/apps/SuperPassword/src/components/SentryTest.tsx","statementMap":{"0":{"start":{"line":10,"column":36},"end":{"line":65,"column":1}},"1":{"start":{"line":11,"column":26},"end":{"line":24,"column":3}},"2":{"start":{"line":12,"column":4},"end":{"line":23,"column":5}},"3":{"start":{"line":14,"column":6},"end":{"line":16,"column":8}},"4":{"start":{"line":18,"column":6},"end":{"line":18,"column":30}},"5":{"start":{"line":19,"column":6},"end":{"line":22,"column":8}},"6":{"start":{"line":26,"column":28},"end":{"line":29,"column":3}},"7":{"start":{"line":27,"column":4},"end":{"line":27,"column":66}},"8":{"start":{"line":28,"column":4},"end":{"line":28,"column":80}},"9":{"start":{"line":31,"column":24},"end":{"line":31,"column":45}},"10":{"start":{"line":33,"column":2},"end":{"line":35,"column":3}},"11":{"start":{"line":34,"column":4},"end":{"line":34,"column":16}},"12":{"start":{"line":37,"column":2},"end":{"line":64,"column":4}},"13":{"start":{"line":67,"column":15},"end":{"line":100,"column":2}}},"fnMap":{"0":{"name":"(anonymous_0)","decl":{"start":{"line":10,"column":36},"end":{"line":10,"column":37}},"loc":{"start":{"line":10,"column":42},"end":{"line":65,"column":1}},"line":10},"1":{"name":"(anonymous_1)","decl":{"start":{"line":11,"column":26},"end":{"line":11,"column":27}},"loc":{"start":{"line":11,"column":32},"end":{"line":24,"column":3}},"line":11},"2":{"name":"(anonymous_2)","decl":{"start":{"line":26,"column":28},"end":{"line":26,"column":29}},"loc":{"start":{"line":26,"column":34},"end":{"line":29,"column":3}},"line":26}},"branchMap":{"0":{"loc":{"start":{"line":33,"column":2},"end":{"line":35,"column":3}},"type":"if","locations":[{"start":{"line":33,"column":2},"end":{"line":35,"column":3}},{"start":{},"end":{}}],"line":33},"1":{"loc":{"start":{"line":41,"column":17},"end":{"line":41,"column":70}},"type":"cond-expr","locations":[{"start":{"line":41,"column":33},"end":{"line":41,"column":48}},{"start":{"line":41,"column":51},"end":{"line":41,"column":70}}],"line":41},"2":{"loc":{"start":{"line":45,"column":31},"end":{"line":45,"column":70}},"type":"binary-expr","locations":[{"start":{"line":45,"column":31},"end":{"line":45,"column":45}},{"start":{"line":45,"column":49},"end":{"line":45,"column":70}}],"line":45},"3":{"loc":{"start":{"line":56,"column":10},"end":{"line":56,"column":49}},"type":"binary-expr","locations":[{"start":{"line":56,"column":10},"end":{"line":56,"column":24}},{"start":{"line":56,"column":28},"end":{"line":56,"column":49}}],"line":56}},"s":{"0":0,"1":0,"2":0,"3":0,"4":0,"5":0,"6":0,"7":0,"8":0,"9":0,"10":0,"11":0,"12":0,"13":0},"f":{"0":0,"1":0,"2":0},"b":{"0":[0,0],"1":[0,0],"2":[0,0],"3":[0,0]}}
,"/Users/igorganapolsky/workspace/git/apps/SuperPassword/src/contexts/ThemeContext.tsx": {"path":"/Users/igorganapolsky/workspace/git/apps/SuperPassword/src/contexts/ThemeContext.tsx","statementMap":{"0":{"start":{"line":24,"column":21},"end":{"line":24,"column":76}},"1":{"start":{"line":26,"column":70},"end":{"line":71,"column":1}},"2":{"start":{"line":29,"column":28},"end":{"line":29,"column":44}},"3":{"start":{"line":30,"column":36},"end":{"line":30,"column":65}},"4":{"start":{"line":32,"column":2},"end":{"line":40,"column":9}},"5":{"start":{"line":33,"column":17},"end":{"line":38,"column":5}},"6":{"start":{"line":34,"column":26},"end":{"line":34,"column":67}},"7":{"start":{"line":35,"column":6},"end":{"line":37,"column":7}},"8":{"start":{"line":36,"column":8},"end":{"line":36,"column":40}},"9":{"start":{"line":39,"column":4},"end":{"line":39,"column":11}},"10":{"start":{"line":42,"column":17},"end":{"line":47,"column":36}},"11":{"start":{"line":43,"column":4},"end":{"line":45,"column":5}},"12":{"start":{"line":44,"column":6},"end":{"line":44,"column":42}},"13":{"start":{"line":46,"column":4},"end":{"line":46,"column":32}},"14":{"start":{"line":49,"column":16},"end":{"line":52,"column":3}},"15":{"start":{"line":50,"column":11},"end":{"line":50,"column":42}},"16":{"start":{"line":54,"column":22},"end":{"line":61,"column":8}},"17":{"start":{"line":55,"column":4},"end":{"line":55,"column":23}},"18":{"start":{"line":56,"column":24},"end":{"line":56,"column":65}},"19":{"start":{"line":57,"column":4},"end":{"line":60,"column":5}},"20":{"start":{"line":58,"column":6},"end":{"line":58,"column":31}},"21":{"start":{"line":59,"column":6},"end":{"line":59,"column":60}},"22":{"start":{"line":63,"column":16},"end":{"line":66,"column":3}},"23":{"start":{"line":64,"column":11},"end":{"line":64,"column":52}},"24":{"start":{"line":68,"column":2},"end":{"line":70,"column":4}},"25":{"start":{"line":73,"column":24},"end":{"line":79,"column":1}},"26":{"start":{"line":74,"column":14},"end":{"line":74,"column":38}},"27":{"start":{"line":75,"column":2},"end":{"line":77,"column":3}},"28":{"start":{"line":76,"column":4},"end":{"line":76,"column":68}},"29":{"start":{"line":78,"column":2},"end":{"line":78,"column":13}}},"fnMap":{"0":{"name":"(anonymous_0)","decl":{"start":{"line":26,"column":70},"end":{"line":26,"column":71}},"loc":{"start":{"line":28,"column":6},"end":{"line":71,"column":1}},"line":28},"1":{"name":"(anonymous_1)","decl":{"start":{"line":32,"column":12},"end":{"line":32,"column":13}},"loc":{"start":{"line":32,"column":18},"end":{"line":40,"column":3}},"line":32},"2":{"name":"(anonymous_2)","decl":{"start":{"line":33,"column":17},"end":{"line":33,"column":18}},"loc":{"start":{"line":33,"column":29},"end":{"line":38,"column":5}},"line":33},"3":{"name":"(anonymous_3)","decl":{"start":{"line":42,"column":25},"end":{"line":42,"column":26}},"loc":{"start":{"line":42,"column":31},"end":{"line":47,"column":3}},"line":42},"4":{"name":"(anonymous_4)","decl":{"start":{"line":50,"column":4},"end":{"line":50,"column":5}},"loc":{"start":{"line":50,"column":11},"end":{"line":50,"column":42}},"line":50},"5":{"name":"(anonymous_5)","decl":{"start":{"line":54,"column":34},"end":{"line":54,"column":35}},"loc":{"start":{"line":54,"column":61},"end":{"line":61,"column":3}},"line":54},"6":{"name":"(anonymous_6)","decl":{"start":{"line":64,"column":4},"end":{"line":64,"column":5}},"loc":{"start":{"line":64,"column":11},"end":{"line":64,"column":52}},"line":64},"7":{"name":"(anonymous_7)","decl":{"start":{"line":73,"column":24},"end":{"line":73,"column":25}},"loc":{"start":{"line":73,"column":49},"end":{"line":79,"column":1}},"line":73}},"branchMap":{"0":{"loc":{"start":{"line":35,"column":6},"end":{"line":37,"column":7}},"type":"if","locations":[{"start":{"line":35,"column":6},"end":{"line":37,"column":7}},{"start":{},"end":{}}],"line":35},"1":{"loc":{"start":{"line":43,"column":4},"end":{"line":45,"column":5}},"type":"if","locations":[{"start":{"line":43,"column":4},"end":{"line":45,"column":5}},{"start":{},"end":{}}],"line":43},"2":{"loc":{"start":{"line":50,"column":11},"end":{"line":50,"column":42}},"type":"cond-expr","locations":[{"start":{"line":50,"column":20},"end":{"line":50,"column":29}},{"start":{"line":50,"column":32},"end":{"line":50,"column":42}}],"line":50},"3":{"loc":{"start":{"line":57,"column":4},"end":{"line":60,"column":5}},"type":"if","locations":[{"start":{"line":57,"column":4},"end":{"line":60,"column":5}},{"start":{},"end":{}}],"line":57},"4":{"loc":{"start":{"line":75,"column":2},"end":{"line":77,"column":3}},"type":"if","locations":[{"start":{"line":75,"column":2},"end":{"line":77,"column":3}},{"start":{},"end":{}}],"line":75}},"s":{"0":0,"1":0,"2":0,"3":0,"4":0,"5":0,"6":0,"7":0,"8":0,"9":0,"10":0,"11":0,"12":0,"13":0,"14":0,"15":0,"16":0,"17":0,"18":0,"19":0,"20":0,"21":0,"22":0,"23":0,"24":0,"25":0,"26":0,"27":0,"28":0,"29":0},"f":{"0":0,"1":0,"2":0,"3":0,"4":0,"5":0,"6":0,"7":0},"b":{"0":[0,0],"1":[0,0],"2":[0,0],"3":[0,0],"4":[0,0]}}
,"/Users/igorganapolsky/workspace/git/apps/SuperPassword/src/hooks/useTheme.ts": {"path":"/Users/igorganapolsky/workspace/git/apps/SuperPassword/src/hooks/useTheme.ts","statementMap":{},"fnMap":{},"branchMap":{},"s":{},"f":{},"b":{}}
,"/Users/igorganapolsky/workspace/git/apps/SuperPassword/src/navigation/AppNavigator.tsx": {"path":"/Users/igorganapolsky/workspace/git/apps/SuperPassword/src/navigation/AppNavigator.tsx","statementMap":{"0":{"start":{"line":14,"column":12},"end":{"line":14,"column":58}},"1":{"start":{"line":15,"column":14},"end":{"line":15,"column":56}},"2":{"start":{"line":17,"column":31},"end":{"line":83,"column":1}},"3":{"start":{"line":18,"column":20},"end":{"line":18,"column":30}},"4":{"start":{"line":20,"column":2},"end":{"line":82,"column":4}},"5":{"start":{"line":43,"column":12},"end":{"line":47,"column":14}},"6":{"start":{"line":57,"column":12},"end":{"line":57,"column":79}},"7":{"start":{"line":67,"column":12},"end":{"line":67,"column":75}},"8":{"start":{"line":77,"column":12},"end":{"line":77,"column":77}},"9":{"start":{"line":85,"column":38},"end":{"line":100,"column":1}},"10":{"start":{"line":86,"column":20},"end":{"line":86,"column":30}},"11":{"start":{"line":88,"column":2},"end":{"line":99,"column":4}}},"fnMap":{"0":{"name":"(anonymous_0)","decl":{"start":{"line":17,"column":31},"end":{"line":17,"column":32}},"loc":{"start":{"line":17,"column":37},"end":{"line":83,"column":1}},"line":17},"1":{"name":"(anonymous_1)","decl":{"start":{"line":42,"column":22},"end":{"line":42,"column":23}},"loc":{"start":{"line":43,"column":12},"end":{"line":47,"column":14}},"line":43},"2":{"name":"(anonymous_2)","decl":{"start":{"line":56,"column":22},"end":{"line":56,"column":23}},"loc":{"start":{"line":57,"column":12},"end":{"line":57,"column":79}},"line":57},"3":{"name":"(anonymous_3)","decl":{"start":{"line":66,"column":22},"end":{"line":66,"column":23}},"loc":{"start":{"line":67,"column":12},"end":{"line":67,"column":75}},"line":67},"4":{"name":"(anonymous_4)","decl":{"start":{"line":76,"column":22},"end":{"line":76,"column":23}},"loc":{"start":{"line":77,"column":12},"end":{"line":77,"column":77}},"line":77},"5":{"name":"(anonymous_5)","decl":{"start":{"line":85,"column":38},"end":{"line":85,"column":39}},"loc":{"start":{"line":85,"column":44},"end":{"line":100,"column":1}},"line":85}},"branchMap":{},"s":{"0":0,"1":0,"2":0,"3":0,"4":0,"5":0,"6":0,"7":0,"8":0,"9":0,"10":0,"11":0},"f":{"0":0,"1":0,"2":0,"3":0,"4":0,"5":0},"b":{}}
,"/Users/igorganapolsky/workspace/git/apps/SuperPassword/src/screens/HistoryScreen.tsx": {"path":"/Users/igorganapolsky/workspace/git/apps/SuperPassword/src/screens/HistoryScreen.tsx","statementMap":{"0":{"start":{"line":31,"column":39},"end":{"line":355,"column":1}},"1":{"start":{"line":32,"column":28},"end":{"line":32,"column":38}},"2":{"start":{"line":33,"column":32},"end":{"line":33,"column":61}},"3":{"start":{"line":34,"column":42},"end":{"line":34,"column":57}},"4":{"start":{"line":35,"column":36},"end":{"line":35,"column":51}},"5":{"start":{"line":37,"column":2},"end":{"line":40,"column":9}},"6":{"start":{"line":38,"column":4},"end":{"line":38,"column":18}},"7":{"start":{"line":39,"column":4},"end":{"line":39,"column":25}},"8":{"start":{"line":42,"column":29},"end":{"line":45,"column":3}},"9":{"start":{"line":43,"column":19},"end":{"line":43,"column":58}},"10":{"start":{"line":44,"column":4},"end":{"line":44,"column":25}},"11":{"start":{"line":47,"column":22},"end":{"line":50,"column":3}},"12":{"start":{"line":48,"column":17},"end":{"line":48,"column":58}},"13":{"start":{"line":49,"column":4},"end":{"line":49,"column":21}},"14":{"start":{"line":52,"column":24},"end":{"line":56,"column":8}},"15":{"start":{"line":53,"column":4},"end":{"line":53,"column":26}},"16":{"start":{"line":54,"column":4},"end":{"line":54,"column":24}},"17":{"start":{"line":55,"column":4},"end":{"line":55,"column":27}},"18":{"start":{"line":58,"column":29},"end":{"line":64,"column":3}},"19":{"start":{"line":59,"column":4},"end":{"line":59,"column":40}},"20":{"start":{"line":60,"column":4},"end":{"line":62,"column":5}},"21":{"start":{"line":61,"column":6},"end":{"line":61,"column":52}},"22":{"start":{"line":63,"column":4},"end":{"line":63,"column":59}},"23":{"start":{"line":66,"column":31},"end":{"line":85,"column":3}},"24":{"start":{"line":67,"column":4},"end":{"line":84,"column":6}},"25":{"start":{"line":76,"column":12},"end":{"line":76,"column":63}},"26":{"start":{"line":77,"column":12},"end":{"line":77,"column":32}},"27":{"start":{"line":78,"column":12},"end":{"line":80,"column":13}},"28":{"start":{"line":79,"column":14},"end":{"line":79,"column":53}},"29":{"start":{"line":87,"column":29},"end":{"line":106,"column":3}},"30":{"start":{"line":88,"column":4},"end":{"line":105,"column":6}},"31":{"start":{"line":97,"column":12},"end":{"line":97,"column":56}},"32":{"start":{"line":98,"column":12},"end":{"line":98,"column":27}},"33":{"start":{"line":99,"column":12},"end":{"line":101,"column":13}},"34":{"start":{"line":100,"column":14},"end":{"line":100,"column":52}},"35":{"start":{"line":108,"column":29},"end":{"line":117,"column":3}},"36":{"start":{"line":109,"column":4},"end":{"line":116,"column":6}},"37":{"start":{"line":112,"column":23},"end":{"line":112,"column":47}},"38":{"start":{"line":119,"column":29},"end":{"line":184,"column":3}},"39":{"start":{"line":120,"column":26},"end":{"line":120,"column":63}},"40":{"start":{"line":122,"column":4},"end":{"line":183,"column":6}},"41":{"start":{"line":123,"column":43},"end":{"line":123,"column":70}},"42":{"start":{"line":142,"column":27},"end":{"line":142,"column":60}},"43":{"start":{"line":186,"column":27},"end":{"line":200,"column":3}},"44":{"start":{"line":187,"column":4},"end":{"line":199,"column":11}},"45":{"start":{"line":202,"column":23},"end":{"line":222,"column":3}},"46":{"start":{"line":203,"column":4},"end":{"line":221,"column":11}},"47":{"start":{"line":224,"column":17},"end":{"line":334,"column":4}},"48":{"start":{"line":336,"column":2},"end":{"line":354,"column":4}},"49":{"start":{"line":341,"column":32},"end":{"line":341,"column":39}}},"fnMap":{"0":{"name":"(anonymous_0)","decl":{"start":{"line":31,"column":39},"end":{"line":31,"column":40}},"loc":{"start":{"line":31,"column":45},"end":{"line":355,"column":1}},"line":31},"1":{"name":"(anonymous_1)","decl":{"start":{"line":37,"column":12},"end":{"line":37,"column":13}},"loc":{"start":{"line":37,"column":18},"end":{"line":40,"column":3}},"line":37},"2":{"name":"(anonymous_2)","decl":{"start":{"line":42,"column":29},"end":{"line":42,"column":30}},"loc":{"start":{"line":42,"column":41},"end":{"line":45,"column":3}},"line":42},"3":{"name":"(anonymous_3)","decl":{"start":{"line":47,"column":22},"end":{"line":47,"column":23}},"loc":{"start":{"line":47,"column":34},"end":{"line":50,"column":3}},"line":47},"4":{"name":"(anonymous_4)","decl":{"start":{"line":52,"column":36},"end":{"line":52,"column":37}},"loc":{"start":{"line":52,"column":48},"end":{"line":56,"column":3}},"line":52},"5":{"name":"(anonymous_5)","decl":{"start":{"line":58,"column":29},"end":{"line":58,"column":30}},"loc":{"start":{"line":58,"column":57},"end":{"line":64,"column":3}},"line":58},"6":{"name":"(anonymous_6)","decl":{"start":{"line":66,"column":31},"end":{"line":66,"column":32}},"loc":{"start":{"line":66,"column":47},"end":{"line":85,"column":3}},"line":66},"7":{"name":"(anonymous_7)","decl":{"start":{"line":75,"column":19},"end":{"line":75,"column":20}},"loc":{"start":{"line":75,"column":31},"end":{"line":81,"column":11}},"line":75},"8":{"name":"(anonymous_8)","decl":{"start":{"line":87,"column":29},"end":{"line":87,"column":30}},"loc":{"start":{"line":87,"column":35},"end":{"line":106,"column":3}},"line":87},"9":{"name":"(anonymous_9)","decl":{"start":{"line":96,"column":19},"end":{"line":96,"column":20}},"loc":{"start":{"line":96,"column":31},"end":{"line":102,"column":11}},"line":96},"10":{"name":"(anonymous_10)","decl":{"start":{"line":108,"column":29},"end":{"line":108,"column":30}},"loc":{"start":{"line":108,"column":45},"end":{"line":117,"column":3}},"line":108},"11":{"name":"(anonymous_11)","decl":{"start":{"line":112,"column":17},"end":{"line":112,"column":18}},"loc":{"start":{"line":112,"column":23},"end":{"line":112,"column":47}},"line":112},"12":{"name":"(anonymous_12)","decl":{"start":{"line":119,"column":29},"end":{"line":119,"column":30}},"loc":{"start":{"line":119,"column":68},"end":{"line":184,"column":3}},"line":119},"13":{"name":"(anonymous_13)","decl":{"start":{"line":123,"column":37},"end":{"line":123,"column":38}},"loc":{"start":{"line":123,"column":43},"end":{"line":123,"column":70}},"line":123},"14":{"name":"(anonymous_14)","decl":{"start":{"line":142,"column":21},"end":{"line":142,"column":22}},"loc":{"start":{"line":142,"column":27},"end":{"line":142,"column":60}},"line":142},"15":{"name":"(anonymous_15)","decl":{"start":{"line":186,"column":27},"end":{"line":186,"column":28}},"loc":{"start":{"line":187,"column":4},"end":{"line":199,"column":11}},"line":187},"16":{"name":"(anonymous_16)","decl":{"start":{"line":202,"column":23},"end":{"line":202,"column":24}},"loc":{"start":{"line":203,"column":4},"end":{"line":221,"column":11}},"line":203},"17":{"name":"(anonymous_17)","decl":{"start":{"line":341,"column":22},"end":{"line":341,"column":23}},"loc":{"start":{"line":341,"column":32},"end":{"line":341,"column":39}},"line":341}},"branchMap":{"0":{"loc":{"start":{"line":60,"column":4},"end":{"line":62,"column":5}},"type":"if","locations":[{"start":{"line":60,"column":4},"end":{"line":62,"column":5}},{"start":{},"end":{}}],"line":60},"1":{"loc":{"start":{"line":78,"column":12},"end":{"line":80,"column":13}},"type":"if","locations":[{"start":{"line":78,"column":12},"end":{"line":80,"column":13}},{"start":{},"end":{}}],"line":78},"2":{"loc":{"start":{"line":99,"column":12},"end":{"line":101,"column":13}},"type":"if","locations":[{"start":{"line":99,"column":12},"end":{"line":101,"column":13}},{"start":{},"end":{}}],"line":99},"3":{"loc":{"start":{"line":158,"column":15},"end":{"line":164,"column":15}},"type":"binary-expr","locations":[{"start":{"line":158,"column":15},"end":{"line":158,"column":44}},{"start":{"line":159,"column":16},"end":{"line":163,"column":18}}],"line":158},"4":{"loc":{"start":{"line":165,"column":15},"end":{"line":171,"column":15}},"type":"binary-expr","locations":[{"start":{"line":165,"column":15},"end":{"line":165,"column":42}},{"start":{"line":166,"column":16},"end":{"line":170,"column":18}}],"line":165},"5":{"loc":{"start":{"line":172,"column":15},"end":{"line":178,"column":15}},"type":"binary-expr","locations":[{"start":{"line":172,"column":15},"end":{"line":172,"column":42}},{"start":{"line":173,"column":16},"end":{"line":177,"column":18}}],"line":172},"6":{"loc":{"start":{"line":206,"column":9},"end":{"line":212,"column":9}},"type":"binary-expr","locations":[{"start":{"line":206,"column":9},"end":{"line":206,"column":19}},{"start":{"line":207,"column":10},"end":{"line":211,"column":17}}],"line":206},"7":{"loc":{"start":{"line":214,"column":7},"end":{"line":220,"column":7}},"type":"binary-expr","locations":[{"start":{"line":214,"column":7},"end":{"line":214,"column":25}},{"start":{"line":215,"column":8},"end":{"line":219,"column":27}}],"line":214},"8":{"loc":{"start":{"line":295,"column":18},"end":{"line":295,"column":63}},"type":"cond-expr","locations":[{"start":{"line":295,"column":42},"end":{"line":295,"column":49}},{"start":{"line":295,"column":52},"end":{"line":295,"column":63}}],"line":295},"9":{"loc":{"start":{"line":351,"column":31},"end":{"line":351,"column":77}},"type":"cond-expr","locations":[{"start":{"line":351,"column":54},"end":{"line":351,"column":65}},{"start":{"line":351,"column":68},"end":{"line":351,"column":77}}],"line":351}},"s":{"0":0,"1":0,"2":0,"3":0,"4":0,"5":0,"6":0,"7":0,"8":0,"9":0,"10":0,"11":0,"12":0,"13":0,"14":0,"15":0,"16":0,"17":0,"18":0,"19":0,"20":0,"21":0,"22":0,"23":0,"24":0,"25":0,"26":0,"27":0,"28":0,"29":0,"30":0,"31":0,"32":0,"33":0,"34":0,"35":0,"36":0,"37":0,"38":0,"39":0,"40":0,"41":0,"42":0,"43":0,"44":0,"45":0,"46":0,"47":0,"48":0,"49":0},"f":{"0":0,"1":0,"2":0,"3":0,"4":0,"5":0,"6":0,"7":0,"8":0,"9":0,"10":0,"11":0,"12":0,"13":0,"14":0,"15":0,"16":0,"17":0},"b":{"0":[0,0],"1":[0,0],"2":[0,0],"3":[0,0],"4":[0,0],"5":[0,0],"6":[0,0],"7":[0,0],"8":[0,0],"9":[0,0]}}
,"/Users/igorganapolsky/workspace/git/apps/SuperPassword/src/screens/HomeScreen.tsx": {"path":"/Users/igorganapolsky/workspace/git/apps/SuperPassword/src/screens/HomeScreen.tsx","statementMap":{"0":{"start":{"line":40,"column":36},"end":{"line":527,"column":1}},"1":{"start":{"line":41,"column":28},"end":{"line":41,"column":38}},"2":{"start":{"line":42,"column":29},"end":{"line":42,"column":66}},"3":{"start":{"line":43,"column":25},"end":{"line":43,"column":62}},"4":{"start":{"line":45,"column":34},"end":{"line":45,"column":46}},"5":{"start":{"line":46,"column":50},"end":{"line":48,"column":3}},"6":{"start":{"line":49,"column":32},"end":{"line":58,"column":4}},"7":{"start":{"line":59,"column":36},"end":{"line":59,"column":51}},"8":{"start":{"line":60,"column":48},"end":{"line":60,"column":59}},"9":{"start":{"line":61,"column":56},"end":{"line":61,"column":71}},"10":{"start":{"line":64,"column":2},"end":{"line":68,"column":9}},"11":{"start":{"line":65,"column":4},"end":{"line":65,"column":26}},"12":{"start":{"line":66,"column":4},"end":{"line":66,"column":25}},"13":{"start":{"line":70,"column":30},"end":{"line":77,"column":3}},"14":{"start":{"line":71,"column":24},"end":{"line":71,"column":65}},"15":{"start":{"line":72,"column":4},"end":{"line":74,"column":5}},"16":{"start":{"line":73,"column":6},"end":{"line":73,"column":45}},"17":{"start":{"line":76,"column":4},"end":{"line":76,"column":67}},"18":{"start":{"line":79,"column":29},"end":{"line":82,"column":3}},"19":{"start":{"line":80,"column":19},"end":{"line":80,"column":58}},"20":{"start":{"line":81,"column":4},"end":{"line":81,"column":25}},"21":{"start":{"line":84,"column":33},"end":{"line":129,"column":3}},"22":{"start":{"line":86,"column":19},"end":{"line":86,"column":44}},"23":{"start":{"line":88,"column":6},"end":{"line":94,"column":7}},"24":{"start":{"line":89,"column":8},"end":{"line":92,"column":10}},"25":{"start":{"line":93,"column":8},"end":{"line":93,"column":15}},"26":{"start":{"line":96,"column":26},"end":{"line":96,"column":48}},"27":{"start":{"line":97,"column":23},"end":{"line":97,"column":61}},"28":{"start":{"line":99,"column":6},"end":{"line":99,"column":31}},"29":{"start":{"line":100,"column":6},"end":{"line":100,"column":36}},"30":{"start":{"line":101,"column":6},"end":{"line":101,"column":45}},"31":{"start":{"line":101,"column":35},"end":{"line":101,"column":43}},"32":{"start":{"line":104,"column":6},"end":{"line":108,"column":7}},"33":{"start":{"line":105,"column":8},"end":{"line":105,"column":46}},"34":{"start":{"line":107,"column":8},"end":{"line":107,"column":30}},"35":{"start":{"line":111,"column":6},"end":{"line":122,"column":17}},"36":{"start":{"line":125,"column":6},"end":{"line":125,"column":49}},"37":{"start":{"line":131,"column":24},"end":{"line":146,"column":3}},"38":{"start":{"line":136,"column":33},"end":{"line":142,"column":5}},"39":{"start":{"line":144,"column":21},"end":{"line":144,"column":44}},"40":{"start":{"line":145,"column":4},"end":{"line":145,"column":63}},"41":{"start":{"line":148,"column":32},"end":{"line":177,"column":3}},"42":{"start":{"line":149,"column":4},"end":{"line":149,"column":26}},"43":{"start":{"line":149,"column":19},"end":{"line":149,"column":26}},"44":{"start":{"line":151,"column":4},"end":{"line":151,"column":40}},"45":{"start":{"line":154,"column":4},"end":{"line":158,"column":5}},"46":{"start":{"line":155,"column":6},"end":{"line":155,"column":52}},"47":{"start":{"line":157,"column":6},"end":{"line":157,"column":42}},"48":{"start":{"line":161,"column":4},"end":{"line":161,"column":33}},"49":{"start":{"line":162,"column":4},"end":{"line":176,"column":7}},"50":{"start":{"line":175,"column":6},"end":{"line":175,"column":36}},"51":{"start":{"line":179,"column":23},"end":{"line":187,"column":3}},"52":{"start":{"line":180,"column":23},"end":{"line":180,"column":51}},"53":{"start":{"line":181,"column":4},"end":{"line":181,"column":27}},"54":{"start":{"line":184,"column":4},"end":{"line":186,"column":5}},"55":{"start":{"line":185,"column":6},"end":{"line":185,"column":41}},"56":{"start":{"line":189,"column":17},"end":{"line":344,"column":4}},"57":{"start":{"line":346,"column":2},"end":{"line":526,"column":4}},"58":{"start":{"line":454,"column":18},"end":{"line":454,"column":59}},"59":{"start":{"line":467,"column":18},"end":{"line":467,"column":57}},"60":{"start":{"line":478,"column":18},"end":{"line":478,"column":57}},"61":{"start":{"line":488,"column":42},"end":{"line":488,"column":79}},"62":{"start":{"line":497,"column":42},"end":{"line":497,"column":79}},"63":{"start":{"line":507,"column":18},"end":{"line":507,"column":57}},"64":{"start":{"line":517,"column":29},"end":{"line":517,"column":53}}},"fnMap":{"0":{"name":"(anonymous_0)","decl":{"start":{"line":40,"column":36},"end":{"line":40,"column":37}},"loc":{"start":{"line":40,"column":42},"end":{"line":527,"column":1}},"line":40},"1":{"name":"(anonymous_1)","decl":{"start":{"line":64,"column":12},"end":{"line":64,"column":13}},"loc":{"start":{"line":64,"column":18},"end":{"line":68,"column":3}},"line":64},"2":{"name":"(anonymous_2)","decl":{"start":{"line":70,"column":30},"end":{"line":70,"column":31}},"loc":{"start":{"line":70,"column":42},"end":{"line":77,"column":3}},"line":70},"3":{"name":"(anonymous_3)","decl":{"start":{"line":79,"column":29},"end":{"line":79,"column":30}},"loc":{"start":{"line":79,"column":41},"end":{"line":82,"column":3}},"line":79},"4":{"name":"(anonymous_4)","decl":{"start":{"line":85,"column":4},"end":{"line":85,"column":5}},"loc":{"start":{"line":85,"column":42},"end":{"line":126,"column":5}},"line":85},"5":{"name":"(anonymous_5)","decl":{"start":{"line":101,"column":25},"end":{"line":101,"column":26}},"loc":{"start":{"line":101,"column":35},"end":{"line":101,"column":43}},"line":101},"6":{"name":"(anonymous_6)","decl":{"start":{"line":131,"column":24},"end":{"line":131,"column":25}},"loc":{"start":{"line":135,"column":7},"end":{"line":146,"column":3}},"line":135},"7":{"name":"(anonymous_7)","decl":{"start":{"line":148,"column":32},"end":{"line":148,"column":33}},"loc":{"start":{"line":148,"column":44},"end":{"line":177,"column":3}},"line":148},"8":{"name":"(anonymous_8)","decl":{"start":{"line":174,"column":13},"end":{"line":174,"column":14}},"loc":{"start":{"line":174,"column":19},"end":{"line":176,"column":5}},"line":174},"9":{"name":"(anonymous_9)","decl":{"start":{"line":179,"column":23},"end":{"line":179,"column":24}},"loc":{"start":{"line":179,"column":67},"end":{"line":187,"column":3}},"line":179},"10":{"name":"(anonymous_10)","decl":{"start":{"line":453,"column":31},"end":{"line":453,"column":32}},"loc":{"start":{"line":454,"column":18},"end":{"line":454,"column":59}},"line":454},"11":{"name":"(anonymous_11)","decl":{"start":{"line":466,"column":31},"end":{"line":466,"column":32}},"loc":{"start":{"line":467,"column":18},"end":{"line":467,"column":57}},"line":467},"12":{"name":"(anonymous_12)","decl":{"start":{"line":477,"column":31},"end":{"line":477,"column":32}},"loc":{"start":{"line":478,"column":18},"end":{"line":478,"column":57}},"line":478},"13":{"name":"(anonymous_13)","decl":{"start":{"line":488,"column":31},"end":{"line":488,"column":32}},"loc":{"start":{"line":488,"column":42},"end":{"line":488,"column":79}},"line":488},"14":{"name":"(anonymous_14)","decl":{"start":{"line":497,"column":31},"end":{"line":497,"column":32}},"loc":{"start":{"line":497,"column":42},"end":{"line":497,"column":79}},"line":497},"15":{"name":"(anonymous_15)","decl":{"start":{"line":506,"column":31},"end":{"line":506,"column":32}},"loc":{"start":{"line":507,"column":18},"end":{"line":507,"column":57}},"line":507},"16":{"name":"(anonymous_16)","decl":{"start":{"line":517,"column":23},"end":{"line":517,"column":24}},"loc":{"start":{"line":517,"column":29},"end":{"line":517,"column":53}},"line":517}},"branchMap":{"0":{"loc":{"start":{"line":72,"column":4},"end":{"line":74,"column":5}},"type":"if","locations":[{"start":{"line":72,"column":4},"end":{"line":74,"column":5}},{"start":{},"end":{}}],"line":72},"1":{"loc":{"start":{"line":76,"column":27},"end":{"line":76,"column":65}},"type":"binary-expr","locations":[{"start":{"line":76,"column":27},"end":{"line":76,"column":54}},{"start":{"line":76,"column":58},"end":{"line":76,"column":65}}],"line":76},"2":{"loc":{"start":{"line":86,"column":19},"end":{"line":86,"column":44}},"type":"binary-expr","locations":[{"start":{"line":86,"column":19},"end":{"line":86,"column":33}},{"start":{"line":86,"column":37},"end":{"line":86,"column":44}}],"line":86},"3":{"loc":{"start":{"line":88,"column":6},"end":{"line":94,"column":7}},"type":"if","locations":[{"start":{"line":88,"column":6},"end":{"line":94,"column":7}},{"start":{},"end":{}}],"line":88},"4":{"loc":{"start":{"line":104,"column":6},"end":{"line":108,"column":7}},"type":"if","locations":[{"start":{"line":104,"column":6},"end":{"line":108,"column":7}},{"start":{"line":106,"column":13},"end":{"line":108,"column":7}}],"line":104},"5":{"loc":{"start":{"line":144,"column":21},"end":{"line":144,"column":44}},"type":"cond-expr","locations":[{"start":{"line":144,"column":33},"end":{"line":144,"column":39}},{"start":{"line":144,"column":42},"end":{"line":144,"column":44}}],"line":144},"6":{"loc":{"start":{"line":149,"column":4},"end":{"line":149,"column":26}},"type":"if","locations":[{"start":{"line":149,"column":4},"end":{"line":149,"column":26}},{"start":{},"end":{}}],"line":149},"7":{"loc":{"start":{"line":154,"column":4},"end":{"line":158,"column":5}},"type":"if","locations":[{"start":{"line":154,"column":4},"end":{"line":158,"column":5}},{"start":{"line":156,"column":11},"end":{"line":158,"column":5}}],"line":154},"8":{"loc":{"start":{"line":184,"column":4},"end":{"line":186,"column":5}},"type":"if","locations":[{"start":{"line":184,"column":4},"end":{"line":186,"column":5}},{"start":{},"end":{}}],"line":184},"9":{"loc":{"start":{"line":226,"column":18},"end":{"line":226,"column":63}},"type":"cond-expr","locations":[{"start":{"line":226,"column":42},"end":{"line":226,"column":49}},{"start":{"line":226,"column":52},"end":{"line":226,"column":63}}],"line":226},"10":{"loc":{"start":{"line":252,"column":23},"end":{"line":252,"column":60}},"type":"cond-expr","locations":[{"start":{"line":252,"column":32},"end":{"line":252,"column":48}},{"start":{"line":252,"column":51},"end":{"line":252,"column":60}}],"line":252},"11":{"loc":{"start":{"line":257,"column":23},"end":{"line":257,"column":57}},"type":"cond-expr","locations":[{"start":{"line":257,"column":32},"end":{"line":257,"column":45}},{"start":{"line":257,"column":48},"end":{"line":257,"column":57}}],"line":257},"12":{"loc":{"start":{"line":366,"column":15},"end":{"line":366,"column":64}},"type":"binary-expr","locations":[{"start":{"line":366,"column":15},"end":{"line":366,"column":23}},{"start":{"line":366,"column":27},"end":{"line":366,"column":64}}],"line":366},"13":{"loc":{"start":{"line":369,"column":13},"end":{"line":435,"column":13}},"type":"binary-expr","locations":[{"start":{"line":369,"column":13},"end":{"line":369,"column":21}},{"start":{"line":370,"column":14},"end":{"line":434,"column":17}}],"line":369},"14":{"loc":{"start":{"line":413,"column":19},"end":{"line":432,"column":19}},"type":"binary-expr","locations":[{"start":{"line":413,"column":19},"end":{"line":413,"column":38}},{"start":{"line":414,"column":20},"end":{"line":431,"column":36}}],"line":413}},"s":{"0":0,"1":0,"2":0,"3":0,"4":0,"5":0,"6":0,"7":0,"8":0,"9":0,"10":0,"11":0,"12":0,"13":0,"14":0,"15":0,"16":0,"17":0,"18":0,"19":0,"20":0,"21":0,"22":0,"23":0,"24":0,"25":0,"26":0,"27":0,"28":0,"29":0,"30":0,"31":0,"32":0,"33":0,"34":0,"35":0,"36":0,"37":0,"38":0,"39":0,"40":0,"41":0,"42":0,"43":0,"44":0,"45":0,"46":0,"47":0,"48":0,"49":0,"50":0,"51":0,"52":0,"53":0,"54":0,"55":0,"56":0,"57":0,"58":0,"59":0,"60":0,"61":0,"62":0,"63":0,"64":0},"f":{"0":0,"1":0,"2":0,"3":0,"4":0,"5":0,"6":0,"7":0,"8":0,"9":0,"10":0,"11":0,"12":0,"13":0,"14":0,"15":0,"16":0},"b":{"0":[0,0],"1":[0,0],"2":[0,0],"3":[0,0],"4":[0,0],"5":[0,0],"6":[0,0],"7":[0,0],"8":[0,0],"9":[0,0],"10":[0,0],"11":[0,0],"12":[0,0],"13":[0,0],"14":[0,0]}}
,"/Users/igorganapolsky/workspace/git/apps/SuperPassword/src/screens/PremiumScreen.tsx": {"path":"/Users/igorganapolsky/workspace/git/apps/SuperPassword/src/screens/PremiumScreen.tsx","statementMap":{"0":{"start":{"line":29,"column":28},"end":{"line":93,"column":1}},"1":{"start":{"line":95,"column":39},"end":{"line":524,"column":1}},"2":{"start":{"line":96,"column":20},"end":{"line":96,"column":30}},"3":{"start":{"line":97,"column":36},"end":{"line":97,"column":51}},"4":{"start":{"line":98,"column":36},"end":{"line":98,"column":51}},"5":{"start":{"line":99,"column":26},"end":{"line":99,"column":42}},"6":{"start":{"line":100,"column":25},"end":{"line":100,"column":46}},"7":{"start":{"line":102,"column":2},"end":{"line":106,"column":9}},"8":{"start":{"line":103,"column":4},"end":{"line":103,"column":25}},"9":{"start":{"line":104,"column":4},"end":{"line":104,"column":26}},"10":{"start":{"line":108,"column":29},"end":{"line":111,"column":3}},"11":{"start":{"line":109,"column":19},"end":{"line":109,"column":58}},"12":{"start":{"line":110,"column":4},"end":{"line":110,"column":25}},"13":{"start":{"line":113,"column":30},"end":{"line":128,"column":3}},"14":{"start":{"line":114,"column":4},"end":{"line":127,"column":14}},"15":{"start":{"line":130,"column":25},"end":{"line":160,"column":3}},"16":{"start":{"line":131,"column":4},"end":{"line":131,"column":23}},"17":{"start":{"line":132,"column":4},"end":{"line":134,"column":5}},"18":{"start":{"line":133,"column":6},"end":{"line":133,"column":56}},"19":{"start":{"line":137,"column":4},"end":{"line":159,"column":12}},"20":{"start":{"line":138,"column":6},"end":{"line":157,"column":8}},"21":{"start":{"line":147,"column":14},"end":{"line":151,"column":16}},"22":{"start":{"line":152,"column":14},"end":{"line":152,"column":58}},"23":{"start":{"line":153,"column":14},"end":{"line":153,"column":33}},"24":{"start":{"line":158,"column":6},"end":{"line":158,"column":26}},"25":{"start":{"line":162,"column":24},"end":{"line":176,"column":3}},"26":{"start":{"line":163,"column":4},"end":{"line":163,"column":23}},"27":{"start":{"line":165,"column":4},"end":{"line":175,"column":13}},"28":{"start":{"line":166,"column":6},"end":{"line":173,"column":8}},"29":{"start":{"line":174,"column":6},"end":{"line":174,"column":26}},"30":{"start":{"line":178,"column":24},"end":{"line":196,"column":3}},"31":{"start":{"line":179,"column":4},"end":{"line":195,"column":6}},"32":{"start":{"line":188,"column":12},"end":{"line":191,"column":14}},"33":{"start":{"line":198,"column":17},"end":{"line":354,"column":4}},"34":{"start":{"line":356,"column":2},"end":{"line":410,"column":3}},"35":{"start":{"line":357,"column":4},"end":{"line":409,"column":6}},"36":{"start":{"line":384,"column":27},"end":{"line":384,"column":47}},"37":{"start":{"line":386,"column":14},"end":{"line":405,"column":21}},"38":{"start":{"line":412,"column":2},"end":{"line":523,"column":4}},"39":{"start":{"line":445,"column":12},"end":{"line":482,"column":19}}},"fnMap":{"0":{"name":"(anonymous_0)","decl":{"start":{"line":95,"column":39},"end":{"line":95,"column":40}},"loc":{"start":{"line":95,"column":45},"end":{"line":524,"column":1}},"line":95},"1":{"name":"(anonymous_1)","decl":{"start":{"line":102,"column":12},"end":{"line":102,"column":13}},"loc":{"start":{"line":102,"column":18},"end":{"line":106,"column":3}},"line":102},"2":{"name":"(anonymous_2)","decl":{"start":{"line":108,"column":29},"end":{"line":108,"column":30}},"loc":{"start":{"line":108,"column":41},"end":{"line":111,"column":3}},"line":108},"3":{"name":"(anonymous_3)","decl":{"start":{"line":113,"column":30},"end":{"line":113,"column":31}},"loc":{"start":{"line":113,"column":36},"end":{"line":128,"column":3}},"line":113},"4":{"name":"(anonymous_4)","decl":{"start":{"line":130,"column":25},"end":{"line":130,"column":26}},"loc":{"start":{"line":130,"column":37},"end":{"line":160,"column":3}},"line":130},"5":{"name":"(anonymous_5)","decl":{"start":{"line":137,"column":15},"end":{"line":137,"column":16}},"loc":{"start":{"line":137,"column":21},"end":{"line":159,"column":5}},"line":137},"6":{"name":"(anonymous_6)","decl":{"start":{"line":145,"column":21},"end":{"line":145,"column":22}},"loc":{"start":{"line":145,"column":33},"end":{"line":154,"column":13}},"line":145},"7":{"name":"(anonymous_7)","decl":{"start":{"line":162,"column":24},"end":{"line":162,"column":25}},"loc":{"start":{"line":162,"column":36},"end":{"line":176,"column":3}},"line":162},"8":{"name":"(anonymous_8)","decl":{"start":{"line":165,"column":15},"end":{"line":165,"column":16}},"loc":{"start":{"line":165,"column":21},"end":{"line":175,"column":5}},"line":165},"9":{"name":"(anonymous_9)","decl":{"start":{"line":178,"column":24},"end":{"line":178,"column":25}},"loc":{"start":{"line":178,"column":30},"end":{"line":196,"column":3}},"line":178},"10":{"name":"(anonymous_10)","decl":{"start":{"line":186,"column":19},"end":{"line":186,"column":20}},"loc":{"start":{"line":186,"column":25},"end":{"line":192,"column":11}},"line":186},"11":{"name":"(anonymous_11)","decl":{"start":{"line":384,"column":20},"end":{"line":384,"column":21}},"loc":{"start":{"line":384,"column":27},"end":{"line":384,"column":47}},"line":384},"12":{"name":"(anonymous_12)","decl":{"start":{"line":385,"column":17},"end":{"line":385,"column":18}},"loc":{"start":{"line":386,"column":14},"end":{"line":405,"column":21}},"line":386},"13":{"name":"(anonymous_13)","decl":{"start":{"line":444,"column":24},"end":{"line":444,"column":25}},"loc":{"start":{"line":445,"column":12},"end":{"line":482,"column":19}},"line":445}},"branchMap":{"0":{"loc":{"start":{"line":132,"column":4},"end":{"line":134,"column":5}},"type":"if","locations":[{"start":{"line":132,"column":4},"end":{"line":134,"column":5}},{"start":{},"end":{}}],"line":132},"1":{"loc":{"start":{"line":356,"column":2},"end":{"line":410,"column":3}},"type":"if","locations":[{"start":{"line":356,"column":2},"end":{"line":410,"column":3}},{"start":{},"end":{}}],"line":356},"2":{"loc":{"start":{"line":384,"column":27},"end":{"line":384,"column":47}},"type":"binary-expr","locations":[{"start":{"line":384,"column":27},"end":{"line":384,"column":36}},{"start":{"line":384,"column":40},"end":{"line":384,"column":47}}],"line":384},"3":{"loc":{"start":{"line":450,"column":25},"end":{"line":450,"column":78}},"type":"cond-expr","locations":[{"start":{"line":450,"column":43},"end":{"line":450,"column":56}},{"start":{"line":450,"column":59},"end":{"line":450,"column":78}}],"line":450},"4":{"loc":{"start":{"line":457,"column":20},"end":{"line":457,"column":70}},"type":"binary-expr","locations":[{"start":{"line":457,"column":20},"end":{"line":457,"column":36}},{"start":{"line":457,"column":40},"end":{"line":457,"column":70}}],"line":457},"5":{"loc":{"start":{"line":466,"column":15},"end":{"line":473,"column":15}},"type":"binary-expr","locations":[{"start":{"line":466,"column":15},"end":{"line":466,"column":27}},{"start":{"line":467,"column":16},"end":{"line":472,"column":18}}],"line":466},"6":{"loc":{"start":{"line":474,"column":15},"end":{"line":481,"column":15}},"type":"binary-expr","locations":[{"start":{"line":474,"column":15},"end":{"line":474,"column":30}},{"start":{"line":475,"column":16},"end":{"line":480,"column":18}}],"line":474},"7":{"loc":{"start":{"line":493,"column":13},"end":{"line":493,"column":67}},"type":"cond-expr","locations":[{"start":{"line":493,"column":25},"end":{"line":493,"column":40}},{"start":{"line":493,"column":43},"end":{"line":493,"column":67}}],"line":493}},"s":{"0":0,"1":0,"2":0,"3":0,"4":0,"5":0,"6":0,"7":0,"8":0,"9":0,"10":0,"11":0,"12":0,"13":0,"14":0,"15":0,"16":0,"17":0,"18":0,"19":0,"20":0,"21":0,"22":0,"23":0,"24":0,"25":0,"26":0,"27":0,"28":0,"29":0,"30":0,"31":0,"32":0,"33":0,"34":0,"35":0,"36":0,"37":0,"38":0,"39":0},"f":{"0":0,"1":0,"2":0,"3":0,"4":0,"5":0,"6":0,"7":0,"8":0,"9":0,"10":0,"11":0,"12":0,"13":0},"b":{"0":[0,0],"1":[0,0],"2":[0,0],"3":[0,0],"4":[0,0],"5":[0,0],"6":[0,0],"7":[0,0]}}
,"/Users/igorganapolsky/workspace/git/apps/SuperPassword/src/screens/SettingsScreen.tsx": {"path":"/Users/igorganapolsky/workspace/git/apps/SuperPassword/src/screens/SettingsScreen.tsx","statementMap":{"0":{"start":{"line":23,"column":40},"end":{"line":466,"column":1}},"1":{"start":{"line":24,"column":44},"end":{"line":24,"column":54}},"2":{"start":{"line":25,"column":40},"end":{"line":25,"column":78}},"3":{"start":{"line":26,"column":36},"end":{"line":26,"column":51}},"4":{"start":{"line":28,"column":2},"end":{"line":31,"column":9}},"5":{"start":{"line":29,"column":4},"end":{"line":29,"column":22}},"6":{"start":{"line":30,"column":4},"end":{"line":30,"column":25}},"7":{"start":{"line":33,"column":26},"end":{"line":36,"column":3}},"8":{"start":{"line":34,"column":18},"end":{"line":34,"column":59}},"9":{"start":{"line":35,"column":4},"end":{"line":35,"column":26}},"10":{"start":{"line":38,"column":29},"end":{"line":41,"column":3}},"11":{"start":{"line":39,"column":19},"end":{"line":39,"column":58}},"12":{"start":{"line":40,"column":4},"end":{"line":40,"column":25}},"13":{"start":{"line":43,"column":27},"end":{"line":53,"column":3}},"14":{"start":{"line":44,"column":4},"end":{"line":44,"column":29}},"15":{"start":{"line":44,"column":22},"end":{"line":44,"column":29}},"16":{"start":{"line":46,"column":31},"end":{"line":46,"column":63}},"17":{"start":{"line":47,"column":4},"end":{"line":47,"column":39}},"18":{"start":{"line":48,"column":4},"end":{"line":48,"column":65}},"19":{"start":{"line":50,"column":4},"end":{"line":52,"column":5}},"20":{"start":{"line":51,"column":6},"end":{"line":51,"column":55}},"21":{"start":{"line":55,"column":28},"end":{"line":60,"column":3}},"22":{"start":{"line":56,"column":4},"end":{"line":56,"column":22}},"23":{"start":{"line":57,"column":4},"end":{"line":59,"column":5}},"24":{"start":{"line":58,"column":6},"end":{"line":58,"column":53}},"25":{"start":{"line":62,"column":26},"end":{"line":79,"column":3}},"26":{"start":{"line":63,"column":4},"end":{"line":78,"column":6}},"27":{"start":{"line":72,"column":12},"end":{"line":72,"column":48}},"28":{"start":{"line":73,"column":12},"end":{"line":73,"column":36}},"29":{"start":{"line":74,"column":12},"end":{"line":74,"column":65}},"30":{"start":{"line":81,"column":27},"end":{"line":89,"column":3}},"31":{"start":{"line":82,"column":4},"end":{"line":88,"column":5}},"32":{"start":{"line":83,"column":19},"end":{"line":83,"column":52}},"33":{"start":{"line":85,"column":6},"end":{"line":85,"column":77}},"34":{"start":{"line":87,"column":6},"end":{"line":87,"column":53}},"35":{"start":{"line":91,"column":28},"end":{"line":93,"column":3}},"36":{"start":{"line":92,"column":4},"end":{"line":92,"column":54}},"37":{"start":{"line":95,"column":29},"end":{"line":97,"column":3}},"38":{"start":{"line":96,"column":4},"end":{"line":96,"column":52}},"39":{"start":{"line":99,"column":22},"end":{"line":101,"column":3}},"40":{"start":{"line":100,"column":4},"end":{"line":100,"column":53}},"41":{"start":{"line":103,"column":18},"end":{"line":111,"column":3}},"42":{"start":{"line":104,"column":4},"end":{"line":110,"column":5}},"43":{"start":{"line":105,"column":6},"end":{"line":105,"column":65}},"44":{"start":{"line":107,"column":6},"end":{"line":109,"column":8}},"45":{"start":{"line":113,"column":17},"end":{"line":225,"column":4}},"46":{"start":{"line":227,"column":2},"end":{"line":465,"column":4}},"47":{"start":{"line":250,"column":35},"end":{"line":250,"column":61}},"48":{"start":{"line":265,"column":35},"end":{"line":265,"column":60}},"49":{"start":{"line":280,"column":35},"end":{"line":280,"column":62}},"50":{"start":{"line":311,"column":16},"end":{"line":311,"column":57}},"51":{"start":{"line":326,"column":40},"end":{"line":326,"column":75}},"52":{"start":{"line":341,"column":16},"end":{"line":341,"column":63}},"53":{"start":{"line":357,"column":16},"end":{"line":357,"column":59}},"54":{"start":{"line":386,"column":16},"end":{"line":389,"column":17}}},"fnMap":{"0":{"name":"(anonymous_0)","decl":{"start":{"line":23,"column":40},"end":{"line":23,"column":41}},"loc":{"start":{"line":23,"column":46},"end":{"line":466,"column":1}},"line":23},"1":{"name":"(anonymous_1)","decl":{"start":{"line":28,"column":12},"end":{"line":28,"column":13}},"loc":{"start":{"line":28,"column":18},"end":{"line":31,"column":3}},"line":28},"2":{"name":"(anonymous_2)","decl":{"start":{"line":33,"column":26},"end":{"line":33,"column":27}},"loc":{"start":{"line":33,"column":38},"end":{"line":36,"column":3}},"line":33},"3":{"name":"(anonymous_3)","decl":{"start":{"line":38,"column":29},"end":{"line":38,"column":30}},"loc":{"start":{"line":38,"column":41},"end":{"line":41,"column":3}},"line":38},"4":{"name":"(anonymous_4)","decl":{"start":{"line":43,"column":27},"end":{"line":43,"column":28}},"loc":{"start":{"line":43,"column":77},"end":{"line":53,"column":3}},"line":43},"5":{"name":"(anonymous_5)","decl":{"start":{"line":55,"column":28},"end":{"line":55,"column":29}},"loc":{"start":{"line":55,"column":49},"end":{"line":60,"column":3}},"line":55},"6":{"name":"(anonymous_6)","decl":{"start":{"line":62,"column":26},"end":{"line":62,"column":27}},"loc":{"start":{"line":62,"column":32},"end":{"line":79,"column":3}},"line":62},"7":{"name":"(anonymous_7)","decl":{"start":{"line":71,"column":19},"end":{"line":71,"column":20}},"loc":{"start":{"line":71,"column":31},"end":{"line":75,"column":11}},"line":71},"8":{"name":"(anonymous_8)","decl":{"start":{"line":81,"column":27},"end":{"line":81,"column":28}},"loc":{"start":{"line":81,"column":39},"end":{"line":89,"column":3}},"line":81},"9":{"name":"(anonymous_9)","decl":{"start":{"line":91,"column":28},"end":{"line":91,"column":29}},"loc":{"start":{"line":91,"column":34},"end":{"line":93,"column":3}},"line":91},"10":{"name":"(anonymous_10)","decl":{"start":{"line":95,"column":29},"end":{"line":95,"column":30}},"loc":{"start":{"line":95,"column":35},"end":{"line":97,"column":3}},"line":95},"11":{"name":"(anonymous_11)","decl":{"start":{"line":99,"column":22},"end":{"line":99,"column":23}},"loc":{"start":{"line":99,"column":28},"end":{"line":101,"column":3}},"line":99},"12":{"name":"(anonymous_12)","decl":{"start":{"line":103,"column":18},"end":{"line":103,"column":19}},"loc":{"start":{"line":103,"column":24},"end":{"line":111,"column":3}},"line":103},"13":{"name":"(anonymous_13)","decl":{"start":{"line":250,"column":29},"end":{"line":250,"column":30}},"loc":{"start":{"line":250,"column":35},"end":{"line":250,"column":61}},"line":250},"14":{"name":"(anonymous_14)","decl":{"start":{"line":265,"column":29},"end":{"line":265,"column":30}},"loc":{"start":{"line":265,"column":35},"end":{"line":265,"column":60}},"line":265},"15":{"name":"(anonymous_15)","decl":{"start":{"line":280,"column":29},"end":{"line":280,"column":30}},"loc":{"start":{"line":280,"column":35},"end":{"line":280,"column":62}},"line":280},"16":{"name":"(anonymous_16)","decl":{"start":{"line":310,"column":29},"end":{"line":310,"column":30}},"loc":{"start":{"line":311,"column":16},"end":{"line":311,"column":57}},"line":311},"17":{"name":"(anonymous_17)","decl":{"start":{"line":326,"column":29},"end":{"line":326,"column":30}},"loc":{"start":{"line":326,"column":40},"end":{"line":326,"column":75}},"line":326},"18":{"name":"(anonymous_18)","decl":{"start":{"line":340,"column":29},"end":{"line":340,"column":30}},"loc":{"start":{"line":341,"column":16},"end":{"line":341,"column":63}},"line":341},"19":{"name":"(anonymous_19)","decl":{"start":{"line":356,"column":29},"end":{"line":356,"column":30}},"loc":{"start":{"line":357,"column":16},"end":{"line":357,"column":59}},"line":357},"20":{"name":"(anonymous_20)","decl":{"start":{"line":385,"column":23},"end":{"line":385,"column":24}},"loc":{"start":{"line":386,"column":16},"end":{"line":389,"column":17}},"line":386}},"branchMap":{"0":{"loc":{"start":{"line":44,"column":4},"end":{"line":44,"column":29}},"type":"if","locations":[{"start":{"line":44,"column":4},"end":{"line":44,"column":29}},{"start":{},"end":{}}],"line":44},"1":{"loc":{"start":{"line":50,"column":4},"end":{"line":52,"column":5}},"type":"if","locations":[{"start":{"line":50,"column":4},"end":{"line":52,"column":5}},{"start":{},"end":{}}],"line":50},"2":{"loc":{"start":{"line":50,"column":8},"end":{"line":50,"column":59}},"type":"binary-expr","locations":[{"start":{"line":50,"column":8},"end":{"line":50,"column":29}},{"start":{"line":50,"column":33},"end":{"line":50,"column":59}}],"line":50},"3":{"loc":{"start":{"line":57,"column":4},"end":{"line":59,"column":5}},"type":"if","locations":[{"start":{"line":57,"column":4},"end":{"line":59,"column":5}},{"start":{},"end":{}}],"line":57},"4":{"loc":{"start":{"line":57,"column":8},"end":{"line":57,"column":60}},"type":"binary-expr","locations":[{"start":{"line":57,"column":8},"end":{"line":57,"column":29}},{"start":{"line":57,"column":33},"end":{"line":57,"column":60}}],"line":57},"5":{"loc":{"start":{"line":104,"column":4},"end":{"line":110,"column":5}},"type":"if","locations":[{"start":{"line":104,"column":4},"end":{"line":110,"column":5}},{"start":{"line":106,"column":11},"end":{"line":110,"column":5}}],"line":104},"6":{"loc":{"start":{"line":248,"column":22},"end":{"line":248,"column":71}},"type":"binary-expr","locations":[{"start":{"line":248,"column":22},"end":{"line":248,"column":43}},{"start":{"line":248,"column":47},"end":{"line":248,"column":71}}],"line":248},"7":{"loc":{"start":{"line":263,"column":22},"end":{"line":263,"column":70}},"type":"binary-expr","locations":[{"start":{"line":263,"column":22},"end":{"line":263,"column":42}},{"start":{"line":263,"column":46},"end":{"line":263,"column":70}}],"line":263},"8":{"loc":{"start":{"line":278,"column":22},"end":{"line":278,"column":72}},"type":"binary-expr","locations":[{"start":{"line":278,"column":22},"end":{"line":278,"column":44}},{"start":{"line":278,"column":48},"end":{"line":278,"column":72}}],"line":278},"9":{"loc":{"start":{"line":309,"column":21},"end":{"line":309,"column":56}},"type":"binary-expr","locations":[{"start":{"line":309,"column":21},"end":{"line":309,"column":48}},{"start":{"line":309,"column":52},"end":{"line":309,"column":56}}],"line":309},"10":{"loc":{"start":{"line":325,"column":21},"end":{"line":325,"column":50}},"type":"binary-expr","locations":[{"start":{"line":325,"column":21},"end":{"line":325,"column":42}},{"start":{"line":325,"column":46},"end":{"line":325,"column":50}}],"line":325},"11":{"loc":{"start":{"line":339,"column":21},"end":{"line":339,"column":62}},"type":"binary-expr","locations":[{"start":{"line":339,"column":21},"end":{"line":339,"column":54}},{"start":{"line":339,"column":58},"end":{"line":339,"column":62}}],"line":339},"12":{"loc":{"start":{"line":355,"column":21},"end":{"line":355,"column":58}},"type":"binary-expr","locations":[{"start":{"line":355,"column":21},"end":{"line":355,"column":50}},{"start":{"line":355,"column":54},"end":{"line":355,"column":58}}],"line":355},"13":{"loc":{"start":{"line":382,"column":11},"end":{"line":397,"column":11}},"type":"binary-expr","locations":[{"start":{"line":382,"column":11},"end":{"line":382,"column":20}},{"start":{"line":383,"column":12},"end":{"line":396,"column":31}}],"line":382},"14":{"loc":{"start":{"line":457,"column":25},"end":{"line":457,"column":59}},"type":"binary-expr","locations":[{"start":{"line":457,"column":25},"end":{"line":457,"column":48}},{"start":{"line":457,"column":52},"end":{"line":457,"column":59}}],"line":457}},"s":{"0":0,"1":0,"2":0,"3":0,"4":0,"5":0,"6":0,"7":0,"8":0,"9":0,"10":0,"11":0,"12":0,"13":0,"14":0,"15":0,"16":0,"17":0,"18":0,"19":0,"20":0,"21":0,"22":0,"23":0,"24":0,"25":0,"26":0,"27":0,"28":0,"29":0,"30":0,"31":0,"32":0,"33":0,"34":0,"35":0,"36":0,"37":0,"38":0,"39":0,"40":0,"41":0,"42":0,"43":0,"44":0,"45":0,"46":0,"47":0,"48":0,"49":0,"50":0,"51":0,"52":0,"53":0,"54":0},"f":{"0":0,"1":0,"2":0,"3":0,"4":0,"5":0,"6":0,"7":0,"8":0,"9":0,"10":0,"11":0,"12":0,"13":0,"14":0,"15":0,"16":0,"17":0,"18":0,"19":0,"20":0},"b":{"0":[0,0],"1":[0,0],"2":[0,0],"3":[0,0],"4":[0,0],"5":[0,0],"6":[0,0],"7":[0,0],"8":[0,0],"9":[0,0],"10":[0,0],"11":[0,0],"12":[0,0],"13":[0,0],"14":[0,0]}}
,"/Users/igorganapolsky/workspace/git/apps/SuperPassword/src/services/ads.tsx": {"path":"/Users/igorganapolsky/workspace/git/apps/SuperPassword/src/services/ads.tsx","statementMap":{"0":{"start":{"line":5,"column":26},"end":{"line":18,"column":1}},"1":{"start":{"line":7,"column":4},"end":{"line":7,"column":55}},"2":{"start":{"line":8,"column":4},"end":{"line":8,"column":29}},"3":{"start":{"line":11,"column":4},"end":{"line":11,"column":63}},"4":{"start":{"line":12,"column":4},"end":{"line":16,"column":6}},"5":{"start":{"line":13,"column":18},"end":{"line":13,"column":35}},"6":{"start":{"line":14,"column":18},"end":{"line":14,"column":35}},"7":{"start":{"line":15,"column":26},"end":{"line":15,"column":46}},"8":{"start":{"line":20,"column":32},"end":{"line":31,"column":1}},"9":{"start":{"line":21,"column":2},"end":{"line":29,"column":3}},"10":{"start":{"line":22,"column":4},"end":{"line":28,"column":6}},"11":{"start":{"line":30,"column":2},"end":{"line":30,"column":14}}},"fnMap":{"0":{"name":"(anonymous_0)","decl":{"start":{"line":6,"column":2},"end":{"line":6,"column":3}},"loc":{"start":{"line":6,"column":21},"end":{"line":9,"column":3}},"line":6},"1":{"name":"(anonymous_1)","decl":{"start":{"line":10,"column":2},"end":{"line":10,"column":3}},"loc":{"start":{"line":10,"column":23},"end":{"line":17,"column":3}},"line":10},"2":{"name":"(anonymous_2)","decl":{"start":{"line":13,"column":12},"end":{"line":13,"column":13}},"loc":{"start":{"line":13,"column":18},"end":{"line":13,"column":35}},"line":13},"3":{"name":"(anonymous_3)","decl":{"start":{"line":14,"column":12},"end":{"line":14,"column":13}},"loc":{"start":{"line":14,"column":18},"end":{"line":14,"column":35}},"line":14},"4":{"name":"(anonymous_4)","decl":{"start":{"line":15,"column":19},"end":{"line":15,"column":20}},"loc":{"start":{"line":15,"column":26},"end":{"line":15,"column":46}},"line":15},"5":{"name":"(anonymous_5)","decl":{"start":{"line":15,"column":36},"end":{"line":15,"column":37}},"loc":{"start":{"line":15,"column":42},"end":{"line":15,"column":44}},"line":15},"6":{"name":"(anonymous_6)","decl":{"start":{"line":20,"column":32},"end":{"line":20,"column":33}},"loc":{"start":{"line":20,"column":38},"end":{"line":31,"column":1}},"line":20}},"branchMap":{"0":{"loc":{"start":{"line":21,"column":2},"end":{"line":29,"column":3}},"type":"if","locations":[{"start":{"line":21,"column":2},"end":{"line":29,"column":3}},{"start":{},"end":{}}],"line":21}},"s":{"0":0,"1":0,"2":0,"3":0,"4":0,"5":0,"6":0,"7":0,"8":0,"9":0,"10":0,"11":0},"f":{"0":0,"1":0,"2":0,"3":0,"4":0,"5":0,"6":0},"b":{"0":[0,0]}}
,"/Users/igorganapolsky/workspace/git/apps/SuperPassword/src/services/firebase.ts": {"path":"/Users/igorganapolsky/workspace/git/apps/SuperPassword/src/services/firebase.ts","statementMap":{"0":{"start":{"line":3,"column":31},"end":{"line":53,"column":1}},"1":{"start":{"line":5,"column":4},"end":{"line":9,"column":6}},"2":{"start":{"line":7,"column":31},"end":{"line":7,"column":62}},"3":{"start":{"line":8,"column":21},"end":{"line":8,"column":38}},"4":{"start":{"line":12,"column":4},"end":{"line":19,"column":6}},"5":{"start":{"line":13,"column":25},"end":{"line":18,"column":7}},"6":{"start":{"line":14,"column":20},"end":{"line":17,"column":9}},"7":{"start":{"line":15,"column":21},"end":{"line":15,"column":55}},"8":{"start":{"line":16,"column":21},"end":{"line":16,"column":38}},"9":{"start":{"line":22,"column":4},"end":{"line":27,"column":6}},"10":{"start":{"line":24,"column":8},"end":{"line":24,"column":57}},"11":{"start":{"line":25,"column":8},"end":{"line":25,"column":33}},"12":{"start":{"line":30,"column":4},"end":{"line":36,"column":6}},"13":{"start":{"line":31,"column":26},"end":{"line":31,"column":43}},"14":{"start":{"line":33,"column":8},"end":{"line":33,"column":50}},"15":{"start":{"line":34,"column":8},"end":{"line":34,"column":33}},"16":{"start":{"line":39,"column":4},"end":{"line":43,"column":6}},"17":{"start":{"line":40,"column":34},"end":{"line":40,"column":63}},"18":{"start":{"line":40,"column":52},"end":{"line":40,"column":61}},"19":{"start":{"line":41,"column":25},"end":{"line":41,"column":42}},"20":{"start":{"line":42,"column":30},"end":{"line":42,"column":51}},"21":{"start":{"line":46,"column":4},"end":{"line":46,"column":59}},"22":{"start":{"line":47,"column":4},"end":{"line":47,"column":29}},"23":{"start":{"line":50,"column":16},"end":{"line":50,"column":73}},"24":{"start":{"line":51,"column":4},"end":{"line":51,"column":55}}},"fnMap":{"0":{"name":"(anonymous_0)","decl":{"start":{"line":4,"column":2},"end":{"line":4,"column":3}},"loc":{"start":{"line":4,"column":13},"end":{"line":10,"column":3}},"line":4},"1":{"name":"(anonymous_1)","decl":{"start":{"line":7,"column":25},"end":{"line":7,"column":26}},"loc":{"start":{"line":7,"column":31},"end":{"line":7,"column":62}},"line":7},"2":{"name":"(anonymous_2)","decl":{"start":{"line":8,"column":15},"end":{"line":8,"column":16}},"loc":{"start":{"line":8,"column":21},"end":{"line":8,"column":38}},"line":8},"3":{"name":"(anonymous_3)","decl":{"start":{"line":11,"column":2},"end":{"line":11,"column":3}},"loc":{"start":{"line":11,"column":18},"end":{"line":20,"column":3}},"line":11},"4":{"name":"(anonymous_4)","decl":{"start":{"line":13,"column":18},"end":{"line":13,"column":19}},"loc":{"start":{"line":13,"column":25},"end":{"line":18,"column":7}},"line":13},"5":{"name":"(anonymous_5)","decl":{"start":{"line":14,"column":13},"end":{"line":14,"column":14}},"loc":{"start":{"line":14,"column":20},"end":{"line":17,"column":9}},"line":14},"6":{"name":"(anonymous_6)","decl":{"start":{"line":15,"column":15},"end":{"line":15,"column":16}},"loc":{"start":{"line":15,"column":21},"end":{"line":15,"column":55}},"line":15},"7":{"name":"(anonymous_7)","decl":{"start":{"line":16,"column":15},"end":{"line":16,"column":16}},"loc":{"start":{"line":16,"column":21},"end":{"line":16,"column":38}},"line":16},"8":{"name":"(anonymous_8)","decl":{"start":{"line":21,"column":2},"end":{"line":21,"column":3}},"loc":{"start":{"line":21,"column":18},"end":{"line":28,"column":3}},"line":21},"9":{"name":"(anonymous_9)","decl":{"start":{"line":23,"column":16},"end":{"line":23,"column":17}},"loc":{"start":{"line":23,"column":49},"end":{"line":26,"column":7}},"line":23},"10":{"name":"(anonymous_10)","decl":{"start":{"line":29,"column":2},"end":{"line":29,"column":3}},"loc":{"start":{"line":29,"column":20},"end":{"line":37,"column":3}},"line":29},"11":{"name":"(anonymous_11)","decl":{"start":{"line":31,"column":20},"end":{"line":31,"column":21}},"loc":{"start":{"line":31,"column":26},"end":{"line":31,"column":43}},"line":31},"12":{"name":"(anonymous_12)","decl":{"start":{"line":32,"column":19},"end":{"line":32,"column":20}},"loc":{"start":{"line":32,"column":37},"end":{"line":35,"column":7}},"line":32},"13":{"name":"(anonymous_13)","decl":{"start":{"line":38,"column":2},"end":{"line":38,"column":3}},"loc":{"start":{"line":38,"column":21},"end":{"line":44,"column":3}},"line":38},"14":{"name":"(anonymous_14)","decl":{"start":{"line":40,"column":16},"end":{"line":40,"column":17}},"loc":{"start":{"line":40,"column":34},"end":{"line":40,"column":63}},"line":40},"15":{"name":"(anonymous_15)","decl":{"start":{"line":40,"column":46},"end":{"line":40,"column":47}},"loc":{"start":{"line":40,"column":52},"end":{"line":40,"column":61}},"line":40},"16":{"name":"(anonymous_16)","decl":{"start":{"line":41,"column":19},"end":{"line":41,"column":20}},"loc":{"start":{"line":41,"column":25},"end":{"line":41,"column":42}},"line":41},"17":{"name":"(anonymous_17)","decl":{"start":{"line":42,"column":24},"end":{"line":42,"column":25}},"loc":{"start":{"line":42,"column":30},"end":{"line":42,"column":51}},"line":42},"18":{"name":"(anonymous_18)","decl":{"start":{"line":45,"column":2},"end":{"line":45,"column":3}},"loc":{"start":{"line":45,"column":27},"end":{"line":48,"column":3}},"line":45},"19":{"name":"(anonymous_19)","decl":{"start":{"line":49,"column":2},"end":{"line":49,"column":3}},"loc":{"start":{"line":49,"column":58},"end":{"line":52,"column":3}},"line":49}},"branchMap":{"0":{"loc":{"start":{"line":50,"column":16},"end":{"line":50,"column":73}},"type":"cond-expr","locations":[{"start":{"line":50,"column":41},"end":{"line":50,"column":46}},{"start":{"line":50,"column":49},"end":{"line":50,"column":73}}],"line":50}},"s":{"0":0,"1":0,"2":0,"3":0,"4":0,"5":0,"6":0,"7":0,"8":0,"9":0,"10":0,"11":0,"12":0,"13":0,"14":0,"15":0,"16":0,"17":0,"18":0,"19":0,"20":0,"21":0,"22":0,"23":0,"24":0},"f":{"0":0,"1":0,"2":0,"3":0,"4":0,"5":0,"6":0,"7":0,"8":0,"9":0,"10":0,"11":0,"12":0,"13":0,"14":0,"15":0,"16":0,"17":0,"18":0,"19":0},"b":{"0":[0,0]}}
,"/Users/igorganapolsky/workspace/git/apps/SuperPassword/src/services/sentry.ts": {"path":"/Users/igorganapolsky/workspace/git/apps/SuperPassword/src/services/sentry.ts","statementMap":{"0":{"start":{"line":4,"column":20},"end":{"line":4,"column":25}},"1":{"start":{"line":10,"column":32},"end":{"line":29,"column":1}},"2":{"start":{"line":11,"column":2},"end":{"line":13,"column":3}},"3":{"start":{"line":12,"column":4},"end":{"line":12,"column":16}},"4":{"start":{"line":15,"column":2},"end":{"line":28,"column":3}},"5":{"start":{"line":16,"column":4},"end":{"line":21,"column":7}},"6":{"start":{"line":23,"column":4},"end":{"line":23,"column":25}},"7":{"start":{"line":24,"column":4},"end":{"line":24,"column":16}},"8":{"start":{"line":26,"column":4},"end":{"line":26,"column":57}},"9":{"start":{"line":27,"column":4},"end":{"line":27,"column":17}},"10":{"start":{"line":35,"column":32},"end":{"line":42,"column":1}},"11":{"start":{"line":36,"column":2},"end":{"line":39,"column":3}},"12":{"start":{"line":37,"column":4},"end":{"line":37,"column":60}},"13":{"start":{"line":38,"column":4},"end":{"line":38,"column":11}},"14":{"start":{"line":41,"column":2},"end":{"line":41,"column":33}},"15":{"start":{"line":48,"column":30},"end":{"line":60,"column":1}},"16":{"start":{"line":52,"column":2},"end":{"line":57,"column":3}},"17":{"start":{"line":53,"column":4},"end":{"line":55,"column":6}},"18":{"start":{"line":56,"column":4},"end":{"line":56,"column":11}},"19":{"start":{"line":59,"column":2},"end":{"line":59,"column":50}},"20":{"start":{"line":65,"column":29},"end":{"line":77,"column":1}},"21":{"start":{"line":66,"column":2},"end":{"line":71,"column":3}},"22":{"start":{"line":67,"column":4},"end":{"line":69,"column":6}},"23":{"start":{"line":70,"column":4},"end":{"line":70,"column":11}},"24":{"start":{"line":73,"column":2},"end":{"line":76,"column":5}},"25":{"start":{"line":83,"column":32},"end":{"line":89,"column":1}},"26":{"start":{"line":84,"column":2},"end":{"line":86,"column":3}},"27":{"start":{"line":85,"column":4},"end":{"line":85,"column":16}},"28":{"start":{"line":88,"column":2},"end":{"line":88,"column":30}},"29":{"start":{"line":94,"column":35},"end":{"line":96,"column":1}},"30":{"start":{"line":95,"column":2},"end":{"line":95,"column":23}}},"fnMap":{"0":{"name":"(anonymous_0)","decl":{"start":{"line":10,"column":32},"end":{"line":10,"column":33}},"loc":{"start":{"line":10,"column":62},"end":{"line":29,"column":1}},"line":10},"1":{"name":"(anonymous_1)","decl":{"start":{"line":35,"column":32},"end":{"line":35,"column":33}},"loc":{"start":{"line":35,"column":66},"end":{"line":42,"column":1}},"line":35},"2":{"name":"(anonymous_2)","decl":{"start":{"line":48,"column":30},"end":{"line":48,"column":31}},"loc":{"start":{"line":51,"column":11},"end":{"line":60,"column":1}},"line":51},"3":{"name":"(anonymous_3)","decl":{"start":{"line":65,"column":29},"end":{"line":65,"column":30}},"loc":{"start":{"line":65,"column":75},"end":{"line":77,"column":1}},"line":65},"4":{"name":"(anonymous_4)","decl":{"start":{"line":83,"column":32},"end":{"line":83,"column":33}},"loc":{"start":{"line":83,"column":71},"end":{"line":89,"column":1}},"line":83},"5":{"name":"(anonymous_5)","decl":{"start":{"line":94,"column":35},"end":{"line":94,"column":36}},"loc":{"start":{"line":94,"column":50},"end":{"line":96,"column":1}},"line":94}},"branchMap":{"0":{"loc":{"start":{"line":11,"column":2},"end":{"line":13,"column":3}},"type":"if","locations":[{"start":{"line":11,"column":2},"end":{"line":13,"column":3}},{"start":{},"end":{}}],"line":11},"1":{"loc":{"start":{"line":17,"column":11},"end":{"line":17,"column":55}},"type":"binary-expr","locations":[{"start":{"line":17,"column":11},"end":{"line":17,"column":33}},{"start":{"line":17,"column":37},"end":{"line":17,"column":55}}],"line":17},"2":{"loc":{"start":{"line":36,"column":2},"end":{"line":39,"column":3}},"type":"if","locations":[{"start":{"line":36,"column":2},"end":{"line":39,"column":3}},{"start":{},"end":{}}],"line":36},"3":{"loc":{"start":{"line":52,"column":2},"end":{"line":57,"column":3}},"type":"if","locations":[{"start":{"line":52,"column":2},"end":{"line":57,"column":3}},{"start":{},"end":{}}],"line":52},"4":{"loc":{"start":{"line":54,"column":44},"end":{"line":54,"column":59}},"type":"binary-expr","locations":[{"start":{"line":54,"column":44},"end":{"line":54,"column":49}},{"start":{"line":54,"column":53},"end":{"line":54,"column":59}}],"line":54},"5":{"loc":{"start":{"line":59,"column":33},"end":{"line":59,"column":48}},"type":"binary-expr","locations":[{"start":{"line":59,"column":33},"end":{"line":59,"column":38}},{"start":{"line":59,"column":42},"end":{"line":59,"column":48}}],"line":59},"6":{"loc":{"start":{"line":66,"column":2},"end":{"line":71,"column":3}},"type":"if","locations":[{"start":{"line":66,"column":2},"end":{"line":71,"column":3}},{"start":{},"end":{}}],"line":66},"7":{"loc":{"start":{"line":68,"column":47},"end":{"line":68,"column":67}},"type":"binary-expr","locations":[{"start":{"line":68,"column":47},"end":{"line":68,"column":55}},{"start":{"line":68,"column":59},"end":{"line":68,"column":67}}],"line":68},"8":{"loc":{"start":{"line":75,"column":14},"end":{"line":75,"column":34}},"type":"binary-expr","locations":[{"start":{"line":75,"column":14},"end":{"line":75,"column":22}},{"start":{"line":75,"column":26},"end":{"line":75,"column":34}}],"line":75},"9":{"loc":{"start":{"line":84,"column":2},"end":{"line":86,"column":3}},"type":"if","locations":[{"start":{"line":84,"column":2},"end":{"line":86,"column":3}},{"start":{},"end":{}}],"line":84}},"s":{"0":0,"1":0,"2":0,"3":0,"4":0,"5":0,"6":0,"7":0,"8":0,"9":0,"10":0,"11":0,"12":0,"13":0,"14":0,"15":0,"16":0,"17":0,"18":0,"19":0,"20":0,"21":0,"22":0,"23":0,"24":0,"25":0,"26":0,"27":0,"28":0,"29":0,"30":0},"f":{"0":0,"1":0,"2":0,"3":0,"4":0,"5":0},"b":{"0":[0,0],"1":[0,0],"2":[0,0],"3":[0,0],"4":[0,0],"5":[0,0],"6":[0,0],"7":[0,0],"8":[0,0],"9":[0,0]}}
,"/Users/igorganapolsky/workspace/git/apps/SuperPassword/src/services/storage.ts": {"path":"/Users/igorganapolsky/workspace/git/apps/SuperPassword/src/services/storage.ts","statementMap":{"0":{"start":{"line":6,"column":21},"end":{"line":14,"column":1}},"1":{"start":{"line":19,"column":4},"end":{"line":33,"column":5}},"2":{"start":{"line":20,"column":19},"end":{"line":20,"column":76}},"3":{"start":{"line":21,"column":6},"end":{"line":28,"column":7}},"4":{"start":{"line":22,"column":24},"end":{"line":22,"column":40}},"5":{"start":{"line":24,"column":8},"end":{"line":27,"column":12}},"6":{"start":{"line":24,"column":44},"end":{"line":27,"column":9}},"7":{"start":{"line":29,"column":6},"end":{"line":29,"column":16}},"8":{"start":{"line":31,"column":6},"end":{"line":31,"column":61}},"9":{"start":{"line":32,"column":6},"end":{"line":32,"column":16}},"10":{"start":{"line":37,"column":4},"end":{"line":45,"column":5}},"11":{"start":{"line":38,"column":6},"end":{"line":41,"column":8}},"12":{"start":{"line":43,"column":6},"end":{"line":43,"column":60}},"13":{"start":{"line":44,"column":6},"end":{"line":44,"column":18}},"14":{"start":{"line":52,"column":4},"end":{"line":65,"column":5}},"15":{"start":{"line":53,"column":22},"end":{"line":53,"column":53}},"16":{"start":{"line":54,"column":6},"end":{"line":54,"column":29}},"17":{"start":{"line":57,"column":6},"end":{"line":59,"column":7}},"18":{"start":{"line":58,"column":8},"end":{"line":58,"column":33}},"19":{"start":{"line":61,"column":6},"end":{"line":61,"column":46}},"20":{"start":{"line":63,"column":6},"end":{"line":63,"column":64}},"21":{"start":{"line":64,"column":6},"end":{"line":64,"column":18}},"22":{"start":{"line":69,"column":4},"end":{"line":76,"column":5}},"23":{"start":{"line":70,"column":22},"end":{"line":70,"column":53}},"24":{"start":{"line":71,"column":23},"end":{"line":71,"column":65}},"25":{"start":{"line":71,"column":49},"end":{"line":71,"column":64}},"26":{"start":{"line":72,"column":6},"end":{"line":72,"column":47}},"27":{"start":{"line":74,"column":6},"end":{"line":74,"column":68}},"28":{"start":{"line":75,"column":6},"end":{"line":75,"column":18}},"29":{"start":{"line":80,"column":4},"end":{"line":85,"column":5}},"30":{"start":{"line":81,"column":6},"end":{"line":81,"column":67}},"31":{"start":{"line":83,"column":6},"end":{"line":83,"column":63}},"32":{"start":{"line":84,"column":6},"end":{"line":84,"column":18}},"33":{"start":{"line":90,"column":4},"end":{"line":96,"column":5}},"34":{"start":{"line":91,"column":19},"end":{"line":91,"column":76}},"35":{"start":{"line":92,"column":6},"end":{"line":92,"column":44}},"36":{"start":{"line":94,"column":6},"end":{"line":94,"column":62}},"37":{"start":{"line":95,"column":6},"end":{"line":95,"column":18}},"38":{"start":{"line":102,"column":4},"end":{"line":110,"column":5}},"39":{"start":{"line":103,"column":6},"end":{"line":106,"column":8}},"40":{"start":{"line":108,"column":6},"end":{"line":108,"column":61}},"41":{"start":{"line":109,"column":6},"end":{"line":109,"column":18}},"42":{"start":{"line":115,"column":4},"end":{"line":133,"column":5}},"43":{"start":{"line":116,"column":19},"end":{"line":116,"column":69}},"44":{"start":{"line":117,"column":6},"end":{"line":128,"column":7}},"45":{"start":{"line":118,"column":21},"end":{"line":118,"column":37}},"46":{"start":{"line":120,"column":8},"end":{"line":127,"column":10}},"47":{"start":{"line":129,"column":6},"end":{"line":129,"column":18}},"48":{"start":{"line":131,"column":6},"end":{"line":131,"column":55}},"49":{"start":{"line":132,"column":6},"end":{"line":132,"column":18}},"50":{"start":{"line":137,"column":4},"end":{"line":142,"column":5}},"51":{"start":{"line":138,"column":6},"end":{"line":138,"column":79}},"52":{"start":{"line":140,"column":6},"end":{"line":140,"column":54}},"53":{"start":{"line":141,"column":6},"end":{"line":141,"column":18}},"54":{"start":{"line":146,"column":4},"end":{"line":151,"column":5}},"55":{"start":{"line":147,"column":6},"end":{"line":147,"column":60}},"56":{"start":{"line":149,"column":6},"end":{"line":149,"column":56}},"57":{"start":{"line":150,"column":6},"end":{"line":150,"column":18}},"58":{"start":{"line":156,"column":4},"end":{"line":171,"column":5}},"59":{"start":{"line":157,"column":19},"end":{"line":157,"column":69}},"60":{"start":{"line":158,"column":6},"end":{"line":166,"column":7}},"61":{"start":{"line":159,"column":23},"end":{"line":159,"column":39}},"62":{"start":{"line":160,"column":8},"end":{"line":165,"column":10}},"63":{"start":{"line":167,"column":6},"end":{"line":167,"column":18}},"64":{"start":{"line":169,"column":6},"end":{"line":169,"column":55}},"65":{"start":{"line":170,"column":6},"end":{"line":170,"column":18}},"66":{"start":{"line":175,"column":4},"end":{"line":183,"column":5}},"67":{"start":{"line":176,"column":6},"end":{"line":179,"column":8}},"68":{"start":{"line":181,"column":6},"end":{"line":181,"column":54}},"69":{"start":{"line":182,"column":6},"end":{"line":182,"column":18}},"70":{"start":{"line":188,"column":4},"end":{"line":203,"column":5}},"71":{"start":{"line":189,"column":19},"end":{"line":189,"column":43}},"72":{"start":{"line":190,"column":6},"end":{"line":190,"column":30}},"73":{"start":{"line":190,"column":17},"end":{"line":190,"column":30}},"74":{"start":{"line":192,"column":6},"end":{"line":198,"column":7}},"75":{"start":{"line":194,"column":8},"end":{"line":196,"column":9}},"76":{"start":{"line":195,"column":10},"end":{"line":195,"column":62}},"77":{"start":{"line":197,"column":8},"end":{"line":197,"column":20}},"78":{"start":{"line":199,"column":6},"end":{"line":199,"column":19}},"79":{"start":{"line":201,"column":6},"end":{"line":201,"column":61}},"80":{"start":{"line":202,"column":6},"end":{"line":202,"column":19}},"81":{"start":{"line":210,"column":4},"end":{"line":220,"column":5}},"82":{"start":{"line":211,"column":19},"end":{"line":211,"column":43}},"83":{"start":{"line":212,"column":6},"end":{"line":216,"column":7}},"84":{"start":{"line":213,"column":8},"end":{"line":213,"column":35}},"85":{"start":{"line":214,"column":8},"end":{"line":214,"column":42}},"86":{"start":{"line":215,"column":8},"end":{"line":215,"column":38}},"87":{"start":{"line":218,"column":6},"end":{"line":218,"column":60}},"88":{"start":{"line":219,"column":6},"end":{"line":219,"column":18}},"89":{"start":{"line":225,"column":4},"end":{"line":231,"column":5}},"90":{"start":{"line":226,"column":26},"end":{"line":226,"column":79}},"91":{"start":{"line":227,"column":6},"end":{"line":227,"column":34}},"92":{"start":{"line":229,"column":6},"end":{"line":229,"column":59}},"93":{"start":{"line":230,"column":6},"end":{"line":230,"column":19}},"94":{"start":{"line":235,"column":4},"end":{"line":240,"column":5}},"95":{"start":{"line":236,"column":6},"end":{"line":236,"column":68}},"96":{"start":{"line":238,"column":6},"end":{"line":238,"column":67}},"97":{"start":{"line":239,"column":6},"end":{"line":239,"column":18}},"98":{"start":{"line":245,"column":4},"end":{"line":251,"column":5}},"99":{"start":{"line":246,"column":19},"end":{"line":246,"column":69}},"100":{"start":{"line":247,"column":6},"end":{"line":247,"column":42}},"101":{"start":{"line":249,"column":6},"end":{"line":249,"column":60}},"102":{"start":{"line":250,"column":6},"end":{"line":250,"column":18}},"103":{"start":{"line":255,"column":4},"end":{"line":260,"column":5}},"104":{"start":{"line":256,"column":6},"end":{"line":256,"column":77}},"105":{"start":{"line":258,"column":6},"end":{"line":258,"column":60}},"106":{"start":{"line":259,"column":6},"end":{"line":259,"column":18}},"107":{"start":{"line":265,"column":4},"end":{"line":271,"column":5}},"108":{"start":{"line":266,"column":19},"end":{"line":266,"column":46}},"109":{"start":{"line":267,"column":6},"end":{"line":267,"column":43}},"110":{"start":{"line":269,"column":6},"end":{"line":269,"column":55}},"111":{"start":{"line":270,"column":6},"end":{"line":270,"column":18}},"112":{"start":{"line":276,"column":4},"end":{"line":287,"column":5}},"113":{"start":{"line":277,"column":19},"end":{"line":282,"column":7}},"114":{"start":{"line":283,"column":6},"end":{"line":283,"column":34}},"115":{"start":{"line":285,"column":6},"end":{"line":285,"column":52}},"116":{"start":{"line":286,"column":6},"end":{"line":286,"column":18}},"117":{"start":{"line":291,"column":4},"end":{"line":309,"column":5}},"118":{"start":{"line":292,"column":19},"end":{"line":292,"column":39}},"119":{"start":{"line":294,"column":6},"end":{"line":296,"column":7}},"120":{"start":{"line":295,"column":8},"end":{"line":295,"column":61}},"121":{"start":{"line":297,"column":6},"end":{"line":299,"column":7}},"122":{"start":{"line":298,"column":8},"end":{"line":298,"column":61}},"123":{"start":{"line":300,"column":6},"end":{"line":302,"column":7}},"124":{"start":{"line":301,"column":8},"end":{"line":301,"column":47}},"125":{"start":{"line":303,"column":6},"end":{"line":305,"column":7}},"126":{"start":{"line":304,"column":8},"end":{"line":304,"column":47}},"127":{"start":{"line":307,"column":6},"end":{"line":307,"column":52}},"128":{"start":{"line":308,"column":6},"end":{"line":308,"column":18}}},"fnMap":{"0":{"name":"(anonymous_0)","decl":{"start":{"line":18,"column":2},"end":{"line":18,"column":3}},"loc":{"start":{"line":18,"column":62},"end":{"line":34,"column":3}},"line":18},"1":{"name":"(anonymous_1)","decl":{"start":{"line":24,"column":27},"end":{"line":24,"column":28}},"loc":{"start":{"line":24,"column":44},"end":{"line":27,"column":9}},"line":24},"2":{"name":"(anonymous_2)","decl":{"start":{"line":36,"column":2},"end":{"line":36,"column":3}},"loc":{"start":{"line":36,"column":76},"end":{"line":46,"column":3}},"line":36},"3":{"name":"(anonymous_3)","decl":{"start":{"line":48,"column":2},"end":{"line":48,"column":3}},"loc":{"start":{"line":51,"column":19},"end":{"line":66,"column":3}},"line":51},"4":{"name":"(anonymous_4)","decl":{"start":{"line":68,"column":2},"end":{"line":68,"column":3}},"loc":{"start":{"line":68,"column":68},"end":{"line":77,"column":3}},"line":68},"5":{"name":"(anonymous_5)","decl":{"start":{"line":71,"column":38},"end":{"line":71,"column":39}},"loc":{"start":{"line":71,"column":49},"end":{"line":71,"column":64}},"line":71},"6":{"name":"(anonymous_6)","decl":{"start":{"line":79,"column":2},"end":{"line":79,"column":3}},"loc":{"start":{"line":79,"column":53},"end":{"line":86,"column":3}},"line":79},"7":{"name":"(anonymous_7)","decl":{"start":{"line":89,"column":2},"end":{"line":89,"column":3}},"loc":{"start":{"line":89,"column":69},"end":{"line":97,"column":3}},"line":89},"8":{"name":"(anonymous_8)","decl":{"start":{"line":99,"column":2},"end":{"line":99,"column":3}},"loc":{"start":{"line":101,"column":19},"end":{"line":111,"column":3}},"line":101},"9":{"name":"(anonymous_9)","decl":{"start":{"line":114,"column":2},"end":{"line":114,"column":3}},"loc":{"start":{"line":114,"column":51},"end":{"line":134,"column":3}},"line":114},"10":{"name":"(anonymous_10)","decl":{"start":{"line":136,"column":2},"end":{"line":136,"column":3}},"loc":{"start":{"line":136,"column":55},"end":{"line":143,"column":3}},"line":136},"11":{"name":"(anonymous_11)","decl":{"start":{"line":145,"column":2},"end":{"line":145,"column":3}},"loc":{"start":{"line":145,"column":46},"end":{"line":152,"column":3}},"line":145},"12":{"name":"(anonymous_12)","decl":{"start":{"line":155,"column":2},"end":{"line":155,"column":3}},"lo
[...]
ne":169,"column":32}},"115":{"start":{"line":170,"column":2},"end":{"line":170,"column":32}},"116":{"start":{"line":170,"column":21},"end":{"line":170,"column":32}},"117":{"start":{"line":173,"column":29},"end":{"line":173,"column":79}},"118":{"start":{"line":175,"column":2},"end":{"line":175,"column":48}},"119":{"start":{"line":178,"column":40},"end":{"line":190,"column":1}},"120":{"start":{"line":181,"column":17},"end":{"line":188,"column":3}},"121":{"start":{"line":189,"column":2},"end":{"line":189,"column":26}},"122":{"start":{"line":192,"column":33},"end":{"line":207,"column":1}},"123":{"start":{"line":193,"column":22},"end":{"line":193,"column":46}},"124":{"start":{"line":194,"column":24},"end":{"line":194,"column":62}},"125":{"start":{"line":195,"column":27},"end":{"line":195,"column":30}},"126":{"start":{"line":197,"column":18},"end":{"line":197,"column":56}},"127":{"start":{"line":199,"column":2},"end":{"line":199,"column":38}},"128":{"start":{"line":199,"column":19},"end":{"line":199,"column":38}},"129":{"start":{"line":200,"column":2},"end":{"line":200,"column":60}},"130":{"start":{"line":200,"column":20},"end":{"line":200,"column":60}},"131":{"start":{"line":201,"column":2},"end":{"line":201,"column":67}},"132":{"start":{"line":201,"column":22},"end":{"line":201,"column":67}},"133":{"start":{"line":202,"column":2},"end":{"line":202,"column":68}},"134":{"start":{"line":202,"column":23},"end":{"line":202,"column":68}},"135":{"start":{"line":203,"column":2},"end":{"line":203,"column":71}},"136":{"start":{"line":203,"column":26},"end":{"line":203,"column":71}},"137":{"start":{"line":204,"column":2},"end":{"line":204,"column":77}},"138":{"start":{"line":204,"column":28},"end":{"line":204,"column":77}},"139":{"start":{"line":206,"column":2},"end":{"line":206,"column":21}},"140":{"start":{"line":211,"column":2},"end":{"line":211,"column":60}},"141":{"start":{"line":215,"column":14},"end":{"line":215,"column":27}},"142":{"start":{"line":216,"column":2},"end":{"line":219,"column":3}},"143":{"start":{"line":216,"column":15},"end":{"line":216,"column":29}},"144":{"start":{"line":217,"column":14},"end":{"line":217,"column":39}},"145":{"start":{"line":218,"column":4},"end":{"line":218,"column":40}},"146":{"start":{"line":220,"column":2},"end":{"line":220,"column":22}},"147":{"start":{"line":224,"column":13},"end":{"line":224,"column":14}},"148":{"start":{"line":225,"column":2},"end":{"line":225,"column":41}},"149":{"start":{"line":225,"column":30},"end":{"line":225,"column":41}},"150":{"start":{"line":226,"column":2},"end":{"line":226,"column":41}},"151":{"start":{"line":226,"column":30},"end":{"line":226,"column":41}},"152":{"start":{"line":227,"column":2},"end":{"line":227,"column":41}},"153":{"start":{"line":227,"column":30},"end":{"line":227,"column":41}},"154":{"start":{"line":228,"column":2},"end":{"line":228,"column":48}},"155":{"start":{"line":228,"column":37},"end":{"line":228,"column":48}},"156":{"start":{"line":229,"column":2},"end":{"line":229,"column":20}},"157":{"start":{"line":232,"column":41},"end":{"line":241,"column":1}},"158":{"start":{"line":236,"column":30},"end":{"line":236,"column":32}},"159":{"start":{"line":237,"column":2},"end":{"line":239,"column":3}},"160":{"start":{"line":237,"column":15},"end":{"line":237,"column":16}},"161":{"start":{"line":238,"column":4},"end":{"line":238,"column":46}},"162":{"start":{"line":240,"column":2},"end":{"line":240,"column":19}},"163":{"start":{"line":243,"column":39},"end":{"line":257,"column":1}},"164":{"start":{"line":246,"column":4},"end":{"line":251,"column":42}},"165":{"start":{"line":254,"column":22},"end":{"line":254,"column":66}},"166":{"start":{"line":256,"column":2},"end":{"line":256,"column":36}}},"fnMap":{"0":{"name":"(anonymous_0)","decl":{"start":{"line":13,"column":27},"end":{"line":13,"column":28}},"loc":{"start":{"line":13,"column":52},"end":{"line":45,"column":1}},"line":13},"1":{"name":"(anonymous_1)","decl":{"start":{"line":50,"column":26},"end":{"line":50,"column":27}},"loc":{"start":{"line":50,"column":42},"end":{"line":67,"column":1}},"line":50},"2":{"name":"(anonymous_2)","decl":{"start":{"line":69,"column":32},"end":{"line":69,"column":33}},"loc":{"start":{"line":69,"column":70},"end":{"line":138,"column":1}},"line":69},"3":{"name":"(anonymous_3)","decl":{"start":{"line":75,"column":24},"end":{"line":75,"column":25}},"loc":{"start":{"line":75,"column":49},"end":{"line":75,"column":136}},"line":75},"4":{"name":"(anonymous_4)","decl":{"start":{"line":76,"column":22},"end":{"line":76,"column":23}},"loc":{"start":{"line":76,"column":49},"end":{"line":76,"column":106}},"line":76},"5":{"name":"(anonymous_5)","decl":{"start":{"line":76,"column":72},"end":{"line":76,"column":73}},"loc":{"start":{"line":76,"column":79},"end":{"line":76,"column":96}},"line":76},"6":{"name":"(anonymous_6)","decl":{"start":{"line":108,"column":24},"end":{"line":108,"column":25}},"loc":{"start":{"line":108,"column":50},"end":{"line":117,"column":3}},"line":108},"7":{"name":"(anonymous_7)","decl":{"start":{"line":119,"column":25},"end":{"line":119,"column":26}},"loc":{"start":{"line":119,"column":31},"end":{"line":124,"column":3}},"line":119},"8":{"name":"(anonymous_8)","decl":{"start":{"line":140,"column":41},"end":{"line":140,"column":42}},"loc":{"start":{"line":142,"column":23},"end":{"line":176,"column":1}},"line":142},"9":{"name":"(anonymous_9)","decl":{"start":{"line":178,"column":40},"end":{"line":178,"column":41}},"loc":{"start":{"line":180,"column":13},"end":{"line":190,"column":1}},"line":180},"10":{"name":"(anonymous_10)","decl":{"start":{"line":192,"column":33},"end":{"line":192,"column":34}},"loc":{"start":{"line":192,"column":63},"end":{"line":207,"column":1}},"line":192},"11":{"name":"escapeRegExp","decl":{"start":{"line":210,"column":9},"end":{"line":210,"column":21}},"loc":{"start":{"line":210,"column":46},"end":{"line":212,"column":1}},"line":210},"12":{"name":"shuffleString","decl":{"start":{"line":214,"column":9},"end":{"line":214,"column":22}},"loc":{"start":{"line":214,"column":44},"end":{"line":221,"column":1}},"line":214},"13":{"name":"getCharsetSize","decl":{"start":{"line":223,"column":9},"end":{"line":223,"column":23}},"loc":{"start":{"line":223,"column":50},"end":{"line":230,"column":1}},"line":223},"14":{"name":"(anonymous_14)","decl":{"start":{"line":232,"column":41},"end":{"line":232,"column":42}},"loc":{"start":{"line":235,"column":15},"end":{"line":241,"column":1}},"line":235},"15":{"name":"(anonymous_15)","decl":{"start":{"line":243,"column":39},"end":{"line":243,"column":40}},"loc":{"start":{"line":243,"column":78},"end":{"line":257,"column":1}},"line":243}},"branchMap":{"0":{"loc":{"start":{"line":14,"column":2},"end":{"line":14,"column":25}},"type":"if","locations":[{"start":{"line":14,"column":2},"end":{"line":14,"column":25}},{"start":{},"end":{}}],"line":14},"1":{"loc":{"start":{"line":18,"column":2},"end":{"line":26,"column":3}},"type":"if","locations":[{"start":{"line":18,"column":2},"end":{"line":26,"column":3}},{"start":{},"end":{}}],"line":18},"2":{"loc":{"start":{"line":18,"column":6},"end":{"line":18,"column":66}},"type":"binary-expr","locations":[{"start":{"line":18,"column":6},"end":{"line":18,"column":15}},{"start":{"line":18,"column":19},"end":{"line":18,"column":66}}],"line":18},"3":{"loc":{"start":{"line":24,"column":6},"end":{"line":24,"column":52}},"type":"if","locations":[{"start":{"line":24,"column":6},"end":{"line":24,"column":52}},{"start":{},"end":{}}],"line":24},"4":{"loc":{"start":{"line":32,"column":4},"end":{"line":34,"column":5}},"type":"if","locations":[{"start":{"line":32,"column":4},"end":{"line":34,"column":5}},{"start":{},"end":{}}],"line":32},"5":{"loc":{"start":{"line":43,"column":4},"end":{"line":43,"column":50}},"type":"if","locations":[{"start":{"line":43,"column":4},"end":{"line":43,"column":50}},{"start":{},"end":{}}],"line":43},"6":{"loc":{"start":{"line":74,"column":37},"end":{"line":74,"column":105}},"type":"cond-expr","locations":[{"start":{"line":74,"column":65},"end":{"line":74,"column":100}},{"start":{"line":74,"column":103},"end":{"line":74,"column":105}}],"line":74},"7":{"loc":{"start":{"line":75,"column":49},"end":{"line":75,"column":136}},"type":"binary-expr","locations":[{"start":{"line":75,"column":49},"end":{"line":75,"column":67}},{"start":{"line":75,"column":72},"end":{"line":75,"column":135}}],"line":75},"8":{"loc":{"start":{"line":75,"column":72},"end":{"line":75,"column":135}},"type":"cond-expr","locations":[{"start":{"line":75,"column":99},"end":{"line":75,"column":127}},{"start":{"line":75,"column":130},"end":{"line":75,"column":135}}],"line":75},"9":{"loc":{"start":{"line":78,"column":16},"end":{"line":78,"column":76}},"type":"cond-expr","locations":[{"start":{"line":78,"column":43},"end":{"line":78,"column":71}},{"start":{"line":78,"column":74},"end":{"line":78,"column":76}}],"line":78},"10":{"loc":{"start":{"line":79,"column":16},"end":{"line":79,"column":76}},"type":"cond-expr","locations":[{"start":{"line":79,"column":43},"end":{"line":79,"column":71}},{"start":{"line":79,"column":74},"end":{"line":79,"column":76}}],"line":79},"11":{"loc":{"start":{"line":80,"column":15},"end":{"line":80,"column":70}},"type":"cond-expr","locations":[{"start":{"line":80,"column":40},"end":{"line":80,"column":65}},{"start":{"line":80,"column":68},"end":{"line":80,"column":70}}],"line":80},"12":{"loc":{"start":{"line":81,"column":15},"end":{"line":81,"column":70}},"type":"cond-expr","locations":[{"start":{"line":81,"column":40},"end":{"line":81,"column":65}},{"start":{"line":81,"column":68},"end":{"line":81,"column":70}}],"line":81},"13":{"loc":{"start":{"line":82,"column":17},"end":{"line":82,"column":86}},"type":"cond-expr","locations":[{"start":{"line":82,"column":44},"end":{"line":82,"column":81}},{"start":{"line":82,"column":84},"end":{"line":82,"column":86}}],"line":82},"14":{"loc":{"start":{"line":87,"column":2},"end":{"line":89,"column":3}},"type":"if","locations":[{"start":{"line":87,"column":2},"end":{"line":89,"column":3}},{"start":{},"end":{}}],"line":87},"15":{"loc":{"start":{"line":92,"column":2},"end":{"line":92,"column":84}},"type":"if","locations":[{"start":{"line":92,"column":2},"end":{"line":92,"column":84}},{"start":{},"end":{}}],"line":92},"16":{"loc":{"start":{"line":93,"column":2},"end":{"line":93,"column":84}},"type":"if","locations":[{"start":{"line":93,"column":2},"end":{"line":93,"column":84}},{"start":{},"end":{}}],"line":93},"17":{"loc":{"start":{"line":94,"column":2},"end":{"line":94,"column":81}},"type":"if","locations":[{"start":{"line":94,"column":2},"end":{"line":94,"column":81}},{"start":{},"end":{}}],"line":94},"18":{"loc":{"start":{"line":95,"column":2},"end":{"line":95,"column":81}},"type":"if","locations":[{"start":{"line":95,"column":2},"end":{"line":95,"column":81}},{"start":{},"end":{}}],"line":95},"19":{"loc":{"start":{"line":110,"column":6},"end":{"line":115,"column":49}},"type":"binary-expr","locations":[{"start":{"line":110,"column":6},"end":{"line":110,"column":27}},{"start":{"line":111,"column":6},"end":{"line":111,"column":27}},{"start":{"line":112,"column":6},"end":{"line":112,"column":27}},{"start":{"line":113,"column":6},"end":{"line":113,"column":27}},{"start":{"line":114,"column":6},"end":{"line":114,"column":114}},{"start":{"line":115,"column":6},"end":{"line":115,"column":49}}],"line":110},"20":{"loc":{"start":{"line":131,"column":9},"end":{"line":131,"column":50}},"type":"binary-expr","locations":[{"start":{"line":131,"column":9},"end":{"line":131,"column":33}},{"start":{"line":131,"column":37},"end":{"line":131,"column":50}}],"line":131},"21":{"loc":{"start":{"line":143,"column":2},"end":{"line":143,"column":50}},"type":"if","locations":[{"start":{"line":143,"column":2},"end":{"line":143,"column":50}},{"start":{},"end":{}}],"line":143},"22":{"loc":{"start":{"line":149,"column":2},"end":{"line":149,"column":30}},"type":"if","locations":[{"start":{"line":149,"column":2},"end":{"line":149,"column":30}},{"start":{},"end":{}}],"line":149},"23":{"loc":{"start":{"line":150,"column":2},"end":{"line":150,"column":31}},"type":"if","locations":[{"start":{"line":150,"column":2},"end":{"line":150,"column":31}},{"start":{},"end":{}}],"line":150},"24":{"loc":{"start":{"line":151,"column":2},"end":{"line":151,"column":31}},"type":"if","locations":[{"start":{"line":151,"column":2},"end":{"line":151,"column":31}},{"start":{},"end":{}}],"line":151},"25":{"loc":{"start":{"line":154,"column":2},"end":{"line":154,"column":41}},"type":"if","locations":[{"start":{"line":154,"column":2},"end":{"line":154,"column":41}},{"start":{},"end":{}}],"line":154},"26":{"loc":{"start":{"line":155,"column":2},"end":{"line":155,"column":41}},"type":"if","locations":[{"start":{"line":155,"column":2},"end":{"line":155,"column":41}},{"start":{},"end":{}}],"line":155},"27":{"loc":{"start":{"line":156,"column":2},"end":{"line":156,"column":41}},"type":"if","locations":[{"start":{"line":156,"column":2},"end":{"line":156,"column":41}},{"start":{},"end":{}}],"line":156},"28":{"loc":{"start":{"line":157,"column":2},"end":{"line":157,"column":48}},"type":"if","locations":[{"start":{"line":157,"column":2},"end":{"line":157,"column":48}},{"start":{},"end":{}}],"line":157},"29":{"loc":{"start":{"line":160,"column":2},"end":{"line":160,"column":45}},"type":"if","locations":[{"start":{"line":160,"column":2},"end":{"line":160,"column":45}},{"start":{},"end":{}}],"line":160},"30":{"loc":{"start":{"line":161,"column":2},"end":{"line":161,"column":47}},"type":"if","locations":[{"start":{"line":161,"column":2},"end":{"line":161,"column":47}},{"start":{},"end":{}}],"line":161},"31":{"loc":{"start":{"line":162,"column":2},"end":{"line":162,"column":44}},"type":"if","locations":[{"start":{"line":162,"column":2},"end":{"line":162,"column":44}},{"start":{},"end":{}}],"line":162},"32":{"loc":{"start":{"line":163,"column":2},"end":{"line":163,"column":66}},"type":"if","locations":[{"start":{"line":163,"column":2},"end":{"line":163,"column":66}},{"start":{},"end":{}}],"line":163},"33":{"loc":{"start":{"line":169,"column":2},"end":{"line":169,"column":32}},"type":"if","locations":[{"start":{"line":169,"column":2},"end":{"line":169,"column":32}},{"start":{},"end":{}}],"line":169},"34":{"loc":{"start":{"line":170,"column":2},"end":{"line":170,"column":32}},"type":"if","locations":[{"start":{"line":170,"column":2},"end":{"line":170,"column":32}},{"start":{},"end":{}}],"line":170},"35":{"loc":{"start":{"line":199,"column":2},"end":{"line":199,"column":38}},"type":"if","locations":[{"start":{"line":199,"column":2},"end":{"line":199,"column":38}},{"start":{},"end":{}}],"line":199},"36":{"loc":{"start":{"line":200,"column":2},"end":{"line":200,"column":60}},"type":"if","locations":[{"start":{"line":200,"column":2},"end":{"line":200,"column":60}},{"start":{},"end":{}}],"line":200},"37":{"loc":{"start":{"line":201,"column":2},"end":{"line":201,"column":67}},"type":"if","locations":[{"start":{"line":201,"column":2},"end":{"line":201,"column":67}},{"start":{},"end":{}}],"line":201},"38":{"loc":{"start":{"line":202,"column":2},"end":{"line":202,"column":68}},"type":"if","locations":[{"start":{"line":202,"column":2},"end":{"line":202,"column":68}},{"start":{},"end":{}}],"line":202},"39":{"loc":{"start":{"line":203,"column":2},"end":{"line":203,"column":71}},"type":"if","locations":[{"start":{"line":203,"column":2},"end":{"line":203,"column":71}},{"start":{},"end":{}}],"line":203},"40":{"loc":{"start":{"line":204,"column":2},"end":{"line":204,"column":77}},"type":"if","locations":[{"start":{"line":204,"column":2},"end":{"line":204,"column":77}},{"start":{},"end":{}}],"line":204},"41":{"loc":{"start":{"line":225,"column":2},"end":{"line":225,"column":41}},"type":"if","locations":[{"start":{"line":225,"column":2},"end":{"line":225,"column":41}},{"start":{},"end":{}}],"line":225},"42":{"loc":{"start":{"line":226,"column":2},"end":{"line":226,"column":41}},"type":"if","locations":[{"start":{"line":226,"column":2},"end":{"line":226,"column":41}},{"start":{},"end":{}}],"line":226},"43":{"loc":{"start":{"line":227,"column":2},"end":{"line":227,"column":41}},"type":"if","locations":[{"start":{"line":227,"column":2},"end":{"line":227,"column":41}},{"start":{},"end":{}}],"line":227},"44":{"loc":{"start":{"line":228,"column":2},"end":{"line":228,"column":48}},"type":"if","locations":[{"start":{"line":228,"column":2},"end":{"line":228,"column":48}},{"start":{},"end":{}}],"line":228},"45":{"loc":{"start":{"line":229,"column":9},"end":{"line":229,"column":19}},"type":"binary-expr","locations":[{"start":{"line":229,"column":9},"end":{"line":229,"column":13}},{"start":{"line":229,"column":17},"end":{"line":229,"column":19}}],"line":229},"46":{"loc":{"start":{"line":246,"column":4},"end":{"line":251,"column":42}},"type":"binary-expr","locations":[{"start":{"line":246,"column":4},"end":{"line":246,"column":37}},{"start":{"line":247,"column":4},"end":{"line":247,"column":37}},{"start":{"line":248,"column":4},"end":{"line":248,"column":35}},{"start":{"line":249,"column":4},"end":{"line":249,"column":35}},{"start":{"line":250,"column":5},"end":{"line":250,"column":49}},{"start":{"line":251,"column":6},"end":{"line":251,"column":41}}],"line":246},"47":{"loc":{"start":{"line":254,"column":22},"end":{"line":254,"column":66}},"type":"binary-expr","locations":[{"start":{"line":254,"column":22},"end":{"line":254,"column":41}},{"start":{"line":254,"column":45},"end":{"line":254,"column":66}}],"line":254},"48":{"loc":{"start":{"line":256,"column":9},"end":{"line":256,"column":35}},"type":"binary-expr","locations":[{"start":{"line":256,"column":9},"end":{"line":256,"column":20}},{"start":{"line":256,"column":24},"end":{"line":256,"column":35}}],"line":256}},"s":{"0":1,"1":1,"2":1,"3":1,"4":1,"5":1,"6":4895,"7":0,"8":4895,"9":4895,"10":4895,"11":4895,"12":4895,"13":4895,"14":4895,"15":4895,"16":4895,"17":0,"18":0,"19":0,"20":0,"21":0,"22":0,"23":0,"24":0,"25":0,"26":1,"27":0,"28":0,"29":0,"30":0,"31":0,"32":0,"33":0,"34":0,"35":0,"36":0,"37":1,"38":170,"39":170,"40":170,"41":170,"42":170,"43":14612,"44":170,"45":664,"46":14612,"47":170,"48":170,"49":170,"50":170,"51":170,"52":170,"53":170,"54":1,"55":170,"56":169,"57":170,"58":168,"59":170,"60":168,"61":170,"62":158,"63":170,"64":170,"65":170,"66":1767,"67":1767,"68":170,"69":170,"70":181,"71":170,"72":181,"73":181,"74":2465,"75":2465,"76":170,"77":170,"78":170,"79":170,"80":11,"81":11,"82":11,"83":170,"84":1,"85":7,"86":0,"87":7,"88":7,"89":7,"90":6,"91":7,"92":2,"93":7,"94":2,"95":7,"96":5,"97":7,"98":2,"99":7,"100":7,"101":7,"102":2,"103":7,"104":0,"105":7,"106":0,"107":7,"108":2,"109":7,"110":4,"111":7,"112":7,"113":7,"114":2,"115":7,"116":2,"117":7,"118":7,"119":1,"120":0,"121":0,"122":1,"123":2,"124":2,"125":2,"126":2,"127":2,"128":1,"129":1,"130":0,"131":1,"132":0,"133":1,"134":0,"135":1,"136":0,"137":1,"138":0,"139":1,"140":0,"141":0,"142":0,"143":0,"144":0,"145":0,"146":0,"147":9,"148":9,"149":6,"150":9,"151":3,"152":9,"153":9,"154":9,"155":3,"156":9,"157":1,"158":1,"159":1,"160":1,"161":10,"162":1,"163":1,"164":2,"165":2,"166":2},"f":{"0":4895,"1":0,"2":170,"3":14612,"4":664,"5":14612,"6":181,"7":181,"8":7,"9":0,"10":2,"11":0,"12":0,"13":9,"14":1,"15":2},"b":{"0":[0,4895],"1":[4895,0],"2":[4895,4895],"3":[4895,0],"4":[0,0],"5":[0,0],"6":[1,169],"7":[14612,14609],"8":[88,14521],"9":[169,1],"10":[168,2],"11":[168,2],"12":[158,12],"13":[0,170],"14":[1,169],"15":[169,1],"16":[168,2],"17":[168,2],"18":[158,12],"19":[181,170,170,170,170,169],"20":[181,12],"21":[0,7],"22":[6,1],"23":[2,5],"24":[2,5],"25":[5,2],"26":[2,5],"27":[7,0],"28":[2,5],"29":[0,7],"30":[0,7],"31":[2,5],"32":[4,3],"33":[2,5],"34":[2,5],"35":[1,1],"36":[0,1],"37":[0,1],"38":[0,1],"39":[0,1],"40":[0,1],"41":[6,3],"42":[3,6],"43":[9,0],"44":[3,6],"45":[9,0],"46":[2,2,1,1,1,1],"47":[2,1],"48":[2,1]},"_coverageSchema":"1a1c01bbd47fc00a2c39e90264f33305004495a9","hash":"7ee15d2801e4aeb1896cbdd9f52a49ce9ae5e3a7"}
}
