TN:
SF:src/App.tsx
FN:5,(anonymous_0)
FNF:1
FNH:0
FNDA:0,(anonymous_0)
DA:5,0
DA:6,0
DA:15,0
LF:3
LH:0
BRF:0
BRH:0
end_of_record
TN:
SF:src/components/ErrorFallback.tsx
FN:10,(anonymous_0)
FNF:1
FNH:0
FNDA:0,(anonymous_0)
DA:10,0
DA:14,0
DA:35,0
LF:3
LH:0
BRDA:22,0,0,0
BRDA:22,0,1,0
BRF:2
BRH:0
end_of_record
TN:
SF:src/components/SentryTest.tsx
FN:10,(anonymous_0)
FN:11,(anonymous_1)
FN:26,(anonymous_2)
FNF:3
FNH:0
FNDA:0,(anonymous_0)
FNDA:0,(anonymous_1)
FNDA:0,(anonymous_2)
DA:10,0
DA:11,0
DA:12,0
DA:14,0
DA:18,0
DA:19,0
DA:26,0
DA:27,0
DA:28,0
DA:31,0
DA:33,0
DA:34,0
DA:37,0
DA:67,0
LF:14
LH:0
BRDA:33,0,0,0
BRDA:33,0,1,0
BRDA:41,1,0,0
BRDA:41,1,1,0
BRDA:45,2,0,0
BRDA:45,2,1,0
BRDA:56,3,0,0
BRDA:56,3,1,0
BRF:8
BRH:0
end_of_record
TN:
SF:src/contexts/ThemeContext.tsx
FN:26,(anonymous_0)
FN:32,(anonymous_1)
FN:33,(anonymous_2)
FN:42,(anonymous_3)
FN:50,(anonymous_4)
FN:54,(anonymous_5)
FN:64,(anonymous_6)
FN:73,(anonymous_7)
FNF:8
FNH:0
FNDA:0,(anonymous_0)
FNDA:0,(anonymous_1)
FNDA:0,(anonymous_2)
FNDA:0,(anonymous_3)
FNDA:0,(anonymous_4)
FNDA:0,(anonymous_5)
FNDA:0,(anonymous_6)
FNDA:0,(anonymous_7)
DA:24,0
DA:26,0
DA:29,0
DA:30,0
DA:32,0
DA:33,0
DA:34,0
DA:35,0
DA:36,0
DA:39,0
DA:42,0
DA:43,0
DA:44,0
DA:46,0
DA:49,0
DA:50,0
DA:54,0
DA:55,0
DA:56,0
DA:57,0
DA:58,0
DA:59,0
DA:63,0
DA:64,0
DA:68,0
DA:73,0
DA:74,0
DA:75,0
DA:76,0
DA:78,0
LF:30
LH:0
BRDA:35,0,0,0
BRDA:35,0,1,0
BRDA:43,1,0,0
BRDA:43,1,1,0
BRDA:50,2,0,0
BRDA:50,2,1,0
BRDA:57,3,0,0
BRDA:57,3,1,0
BRDA:75,4,0,0
BRDA:75,4,1,0
BRF:10
BRH:0
end_of_record
TN:
SF:src/hooks/useTheme.ts
FNF:0
FNH:0
LF:0
LH:0
BRF:0
BRH:0
end_of_record
TN:
SF:src/navigation/AppNavigator.tsx
FN:17,(anonymous_0)
FN:42,(anonymous_1)
FN:56,(anonymous_2)
FN:66,(anonymous_3)
FN:76,(anonymous_4)
FN:85,(anonymous_5)
FNF:6
FNH:0
FNDA:0,(anonymous_0)
FNDA:0,(anonymous_1)
FNDA:0,(anonymous_2)
FNDA:0,(anonymous_3)
FNDA:0,(anonymous_4)
FNDA:0,(anonymous_5)
DA:14,0
DA:15,0
DA:17,0
DA:18,0
DA:20,0
DA:43,0
DA:57,0
DA:67,0
DA:77,0
DA:85,0
DA:86,0
DA:88,0
LF:12
LH:0
BRF:0
BRH:0
end_of_record
TN:
SF:src/screens/HistoryScreen.tsx
FN:31,(anonymous_0)
FN:37,(anonymous_1)
FN:42,(anonymous_2)
FN:47,(anonymous_3)
FN:52,(anonymous_4)
FN:58,(anonymous_5)
FN:66,(anonymous_6)
FN:75,(anonymous_7)
FN:87,(anonymous_8)
FN:96,(anonymous_9)
FN:108,(anonymous_10)
FN:112,(anonymous_11)
FN:119,(anonymous_12)
FN:123,(anonymous_13)
FN:142,(anonymous_14)
FN:186,(anonymous_15)
FN:202,(anonymous_16)
FN:341,(anonymous_17)
FNF:18
FNH:0
FNDA:0,(anonymous_0)
FNDA:0,(anonymous_1)
FNDA:0,(anonymous_2)
FNDA:0,(anonymous_3)
FNDA:0,(anonymous_4)
FNDA:0,(anonymous_5)
FNDA:0,(anonymous_6)
FNDA:0,(anonymous_7)
FNDA:0,(anonymous_8)
FNDA:0,(anonymous_9)
FNDA:0,(anonymous_10)
FNDA:0,(anonymous_11)
FNDA:0,(anonymous_12)
FNDA:0,(anonymous_13)
FNDA:0,(anonymous_14)
FNDA:0,(anonymous_15)
FNDA:0,(anonymous_16)
FNDA:0,(anonymous_17)
DA:31,0
DA:32,0
DA:33,0
DA:34,0
DA:35,0
DA:37,0
DA:38,0
DA:39,0
DA:42,0
DA:43,0
DA:44,0
DA:47,0
DA:48,0
DA:49,0
DA:52,0
DA:53,0
DA:54,0
DA:55,0
DA:58,0
DA:59,0
DA:60,0
DA:61,0
DA:63,0
DA:66,0
DA:67,0
DA:76,0
DA:77,0
DA:78,0
DA:79,0
DA:87,0
DA:88,0
DA:97,0
DA:98,0
DA:99,0
DA:100,0
DA:108,0
DA:109,0
DA:112,0
DA:119,0
DA:120,0
DA:122,0
DA:123,0
DA:142,0
DA:186,0
DA:187,0
DA:202,0
DA:203,0
DA:224,0
DA:336,0
DA:341,0
LF:50
LH:0
BRDA:60,0,0,0
BRDA:60,0,1,0
BRDA:78,1,0,0
BRDA:78,1,1,0
BRDA:99,2,0,0
BRDA:99,2,1,0
BRDA:158,3,0,0
BRDA:158,3,1,0
BRDA:165,4,0,0
BRDA:165,4,1,0
BRDA:172,5,0,0
BRDA:172,5,1,0
BRDA:206,6,0,0
BRDA:206,6,1,0
BRDA:214,7,0,0
BRDA:214,7,1,0
BRDA:295,8,0,0
BRDA:295,8,1,0
BRDA:351,9,0,0
BRDA:351,9,1,0
BRF:20
BRH:0
end_of_record
TN:
SF:src/screens/HomeScreen.tsx
FN:40,(anonymous_0)
FN:64,(anonymous_1)
FN:70,(anonymous_2)
FN:79,(anonymous_3)
FN:85,(anonymous_4)
FN:101,(anonymous_5)
FN:131,(anonymous_6)
FN:148,(anonymous_7)
FN:174,(anonymous_8)
FN:179,(anonymous_9)
FN:453,(anonymous_10)
FN:466,(anonymous_11)
FN:477,(anonymous_12)
FN:488,(anonymous_13)
FN:497,(anonymous_14)
FN:506,(anonymous_15)
FN:517,(anonymous_16)
FNF:17
FNH:0
FNDA:0,(anonymous_0)
FNDA:0,(anonymous_1)
FNDA:0,(anonymous_2)
FNDA:0,(anonymous_3)
FNDA:0,(anonymous_4)
FNDA:0,(anonymous_5)
FNDA:0,(anonymous_6)
FNDA:0,(anonymous_7)
FNDA:0,(anonymous_8)
FNDA:0,(anonymous_9)
FNDA:0,(anonymous_10)
FNDA:0,(anonymous_11)
FNDA:0,(anonymous_12)
FNDA:0,(anonymous_13)
FNDA:0,(anonymous_14)
FNDA:0,(anonymous_15)
FNDA:0,(anonymous_16)
DA:40,0
DA:41,0
DA:42,0
DA:43,0
DA:45,0
DA:46,0
DA:49,0
DA:59,0
DA:60,0
DA:61,0
DA:64,0
DA:65,0
DA:66,0
DA:70,0
DA:71,0
DA:72,0
DA:73,0
DA:76,0
DA:79,0
DA:80,0
DA:81,0
DA:84,0
DA:86,0
DA:88,0
DA:89,0
DA:93,0
DA:96,0
DA:97,0
DA:99,0
DA:100,0
DA:101,0
DA:104,0
DA:105,0
DA:107,0
DA:111,0
DA:125,0
DA:131,0
DA:136,0
DA:144,0
DA:145,0
DA:148,0
DA:149,0
DA:151,0
DA:154,0
DA:155,0
DA:157,0
DA:161,0
DA:162,0
DA:175,0
DA:179,0
DA:180,0
DA:181,0
DA:184,0
DA:185,0
DA:189,0
DA:346,0
DA:454,0
DA:467,0
DA:478,0
DA:488,0
DA:497,0
DA:507,0
DA:517,0
LF:63
LH:0
BRDA:72,0,0,0
BRDA:72,0,1,0
BRDA:76,1,0,0
BRDA:76,1,1,0
BRDA:86,2,0,0
BRDA:86,2,1,0
BRDA:88,3,0,0
BRDA:88,3,1,0
BRDA:104,4,0,0
BRDA:104,4,1,0
BRDA:144,5,0,0
BRDA:144,5,1,0
BRDA:149,6,0,0
BRDA:149,6,1,0
BRDA:154,7,0,0
BRDA:154,7,1,0
BRDA:184,8,0,0
BRDA:184,8,1,0
BRDA:226,9,0,0
BRDA:226,9,1,0
BRDA:252,10,0,0
BRDA:252,10,1,0
BRDA:257,11,0,0
BRDA:257,11,1,0
BRDA:366,12,0,0
BRDA:366,12,1,0
BRDA:369,13,0,0
BRDA:369,13,1,0
BRDA:413,14,0,0
BRDA:413,14,1,0
BRF:30
BRH:0
end_of_record
TN:
SF:src/screens/PremiumScreen.tsx
FN:95,(anonymous_0)
FN:102,(anonymous_1)
FN:108,(anonymous_2)
FN:113,(anonymous_3)
FN:130,(anonymous_4)
FN:137,(anonymous_5)
FN:145,(anonymous_6)
FN:162,(anonymous_7)
FN:165,(anonymous_8)
FN:178,(anonymous_9)
FN:186,(anonymous_10)
FN:384,(anonymous_11)
FN:385,(anonymous_12)
FN:444,(anonymous_13)
FNF:14
FNH:0
FNDA:0,(anonymous_0)
FNDA:0,(anonymous_1)
FNDA:0,(anonymous_2)
FNDA:0,(anonymous_3)
FNDA:0,(anonymous_4)
FNDA:0,(anonymous_5)
FNDA:0,(anonymous_6)
FNDA:0,(anonymous_7)
FNDA:0,(anonymous_8)
FNDA:0,(anonymous_9)
FNDA:0,(anonymous_10)
FNDA:0,(anonymous_11)
FNDA:0,(anonymous_12)
FNDA:0,(anonymous_13)
DA:29,0
DA:95,0
DA:96,0
DA:97,0
DA:98,0
DA:99,0
DA:100,0
DA:102,0
DA:103,0
DA:104,0
DA:108,0
DA:109,0
DA:110,0
DA:113,0
DA:114,0
DA:130,0
DA:131,0
DA:132,0
DA:133,0
DA:137,0
DA:138,0
DA:147,0
DA:152,0
DA:153,0
DA:158,0
DA:162,0
DA:163,0
DA:165,0
DA:166,0
DA:174,0
DA:178,0
DA:179,0
DA:188,0
DA:198,0
DA:356,0
DA:357,0
DA:384,0
DA:386,0
DA:412,0
DA:445,0
LF:40
LH:0
BRDA:132,0,0,0
BRDA:132,0,1,0
BRDA:356,1,0,0
BRDA:356,1,1,0
BRDA:384,2,0,0
BRDA:384,2,1,0
BRDA:450,3,0,0
BRDA:450,3,1,0
BRDA:457,4,0,0
BRDA:457,4,1,0
BRDA:466,5,0,0
BRDA:466,5,1,0
BRDA:474,6,0,0
BRDA:474,6,1,0
BRDA:493,7,0,0
BRDA:493,7,1,0
BRF:16
BRH:0
end_of_record
TN:
SF:src/screens/SettingsScreen.tsx
FN:23,(anonymous_0)
FN:28,(anonymous_1)
FN:33,(anonymous_2)
FN:38,(anonymous_3)
FN:43,(anonymous_4)
FN:55,(anonymous_5)
FN:62,(anonymous_6)
FN:71,(anonymous_7)
FN:81,(anonymous_8)
FN:91,(anonymous_9)
FN:95,(anonymous_10)
FN:99,(anonymous_11)
FN:103,(anonymous_12)
FN:250,(anonymous_13)
FN:265,(anonymous_14)
FN:280,(anonymous_15)
FN:310,(anonymous_16)
FN:326,(anonymous_17)
FN:340,(anonymous_18)
FN:356,(anonymous_19)
FN:385,(anonymous_20)
FNF:21
FNH:0
FNDA:0,(anonymous_0)
FNDA:0,(anonymous_1)
FNDA:0,(anonymous_2)
FNDA:0,(anonymous_3)
FNDA:0,(anonymous_4)
FNDA:0,(anonymous_5)
FNDA:0,(anonymous_6)
FNDA:0,(anonymous_7)
FNDA:0,(anonymous_8)
FNDA:0,(anonymous_9)
FNDA:0,(anonymous_10)
FNDA:0,(anonymous_11)
FNDA:0,(anonymous_12)
FNDA:0,(anonymous_13)
FNDA:0,(anonymous_14)
FNDA:0,(anonymous_15)
FNDA:0,(anonymous_16)
FNDA:0,(anonymous_17)
FNDA:0,(anonymous_18)
FNDA:0,(anonymous_19)
FNDA:0,(anonymous_20)
DA:23,0
DA:24,0
DA:25,0
DA:26,0
DA:28,0
DA:29,0
DA:30,0
DA:33,0
DA:34,0
DA:35,0
DA:38,0
DA:39,0
DA:40,0
DA:43,0
DA:44,0
DA:46,0
DA:47,0
DA:48,0
DA:50,0
DA:51,0
DA:55,0
DA:56,0
DA:57,0
DA:58,0
DA:62,0
DA:63,0
DA:72,0
DA:73,0
DA:74,0
DA:81,0
DA:82,0
DA:83,0
DA:85,0
DA:87,0
DA:91,0
DA:92,0
DA:95,0
DA:96,0
DA:99,0
DA:100,0
DA:103,0
DA:104,0
DA:105,0
DA:107,0
DA:113,0
DA:227,0
DA:250,0
DA:265,0
DA:280,0
DA:311,0
DA:326,0
DA:341,0
DA:357,0
DA:386,0
LF:54
LH:0
BRDA:44,0,0,0
BRDA:44,0,1,0
BRDA:50,1,0,0
BRDA:50,1,1,0
BRDA:50,2,0,0
BRDA:50,2,1,0
BRDA:57,3,0,0
BRDA:57,3,1,0
BRDA:57,4,0,0
BRDA:57,4,1,0
BRDA:104,5,0,0
BRDA:104,5,1,0
BRDA:248,6,0,0
BRDA:248,6,1,0
BRDA:263,7,0,0
BRDA:263,7,1,0
BRDA:278,8,0,0
BRDA:278,8,1,0
BRDA:309,9,0,0
BRDA:309,9,1,0
BRDA:325,10,0,0
BRDA:325,10,1,0
BRDA:339,11,0,0
BRDA:339,11,1,0
BRDA:355,12,0,0
BRDA:355,12,1,0
BRDA:382,13,0,0
BRDA:382,13,1,0
BRDA:457,14,0,0
BRDA:457,14,1,0
BRF:30
BRH:0
end_of_record
TN:
SF:src/services/ads.tsx
FN:6,(anonymous_0)
FN:10,(anonymous_1)
FN:13,(anonymous_2)
FN:14,(anonymous_3)
FN:15,(anonymous_4)
FN:15,(anonymous_5)
FN:20,(anonymous_6)
FNF:7
FNH:0
FNDA:0,(anonymous_0)
FNDA:0,(anonymous_1)
FNDA:0,(anonymous_2)
FNDA:0,(anonymous_3)
FNDA:0,(anonymous_4)
FNDA:0,(anonymous_5)
FNDA:0,(anonymous_6)
DA:5,0
DA:7,0
DA:8,0
DA:11,0
DA:12,0
DA:13,0
DA:14,0
DA:15,0
DA:20,0
DA:21,0
DA:22,0
DA:30,0
LF:12
LH:0
BRDA:21,0,0,0
BRDA:21,0,1,0
BRF:2
BRH:0
end_of_record
TN:
SF:src/services/firebase.ts
FN:4,(anonymous_0)
FN:7,(anonymous_1)
FN:8,(anonymous_2)
FN:11,(anonymous_3)
FN:13,(anonymous_4)
FN:14,(anonymous_5)
FN:15,(anonymous_6)
FN:16,(anonymous_7)
FN:21,(anonymous_8)
FN:23,(anonymous_9)
FN:29,(anonymous_10)
FN:31,(anonymous_11)
FN:32,(anonymous_12)
FN:38,(anonymous_13)
FN:40,(anonymous_14)
FN:40,(anonymous_15)
FN:41,(anonymous_16)
FN:42,(anonymous_17)
FN:45,(anonymous_18)
FN:49,(anonymous_19)
FNF:20
FNH:0
FNDA:0,(anonymous_0)
FNDA:0,(anonymous_1)
FNDA:0,(anonymous_2)
FNDA:0,(anonymous_3)
FNDA:0,(anonymous_4)
FNDA:0,(anonymous_5)
FNDA:0,(anonymous_6)
FNDA:0,(anonymous_7)
FNDA:0,(anonymous_8)
FNDA:0,(anonymous_9)
FNDA:0,(anonymous_10)
FNDA:0,(anonymous_11)
FNDA:0,(anonymous_12)
FNDA:0,(anonymous_13)
FNDA:0,(anonymous_14)
FNDA:0,(anonymous_15)
FNDA:0,(anonymous_16)
FNDA:0,(anonymous_17)
FNDA:0,(anonymous_18)
FNDA:0,(anonymous_19)
DA:3,0
DA:5,0
DA:7,0
DA:8,0
DA:12,0
DA:13,0
DA:14,0
DA:15,0
DA:16,0
DA:22,0
DA:24,0
DA:25,0
DA:30,0
DA:31,0
DA:33,0
DA:34,0
DA:39,0
DA:40,0
DA:41,0
DA:42,0
DA:46,0
DA:47,0
DA:50,0
DA:51,0
LF:24
LH:0
BRDA:50,0,0,0
BRDA:50,0,1,0
BRF:2
BRH:0
end_of_record
TN:
SF:src/services/sentry.ts
FN:10,(anonymous_0)
FN:35,(anonymous_1)
FN:48,(anonymous_2)
FN:65,(anonymous_3)
FN:83,(anonymous_4)
FN:94,(anonymous_5)
FNF:6
FNH:0
FNDA:0,(anonymous_0)
FNDA:0,(anonymous_1)
FNDA:0,(anonymous_2)
FNDA:0,(anonymous_3)
FNDA:0,(anonymous_4)
FNDA:0,(anonymous_5)
DA:4,0
DA:10,0
DA:11,0
DA:12,0
DA:15,0
DA:16,0
DA:23,0
DA:24,0
DA:26,0
DA:27,0
DA:35,0
DA:36,0
DA:37,0
DA:38,0
DA:41,0
DA:48,0
DA:52,0
DA:53,0
DA:56,0
DA:59,0
DA:65,0
DA:66,0
DA:67,0
DA:70,0
DA:73,0
DA:83,0
DA:84,0
DA:85,0
DA:88,0
DA:94,0
DA:95,0
LF:31
LH:0
BRDA:11,0,0,0
BRDA:11,0,1,0
BRDA:17,1,0,0
BRDA:17,1,1,0
BRDA:36,2,0,0
BRDA:36,2,1,0
BRDA:52,3,0,0
BRDA:52,3,1,0
BRDA:54,4,0,0
BRDA:54,4,1,0
BRDA:59,5,0,0
BRDA:59,5,1,0
BRDA:66,6,0,0
BRDA:66,6,1,0
BRDA:68,7,0,0
BRDA:68,7,1,0
BRDA:75,8,0,0
BRDA:75,8,1,0
BRDA:84,9,0,0
BRDA:84,9,1,0
BRF:20
BRH:0
end_of_record
TN:
SF:src/services/storage.ts
FN:18,(anonymous_0)
FN:24,(anonymous_1)
FN:36,(anonymous_2)
FN:48,(anonymous_3)
FN:68,(anonymous_4)
FN:71,(anonymous_5)
FN:79,(anonymous_6)
FN:89,(anonymous_7)
FN:99,(anonymous_8)
FN:114,(anonymous_9)
FN:136,(anonymous_10)
FN:145,(anonymous_11)
FN:155,(anonymous_12)
FN:174,(anonymous_13)
FN:187,(anonymous_14)
FN:206,(anonymous_15)
FN:224,(anonymous_16)
FN:234,(anonymous_17)
FN:244,(anonymous_18)
FN:254,(anonymous_19)
FN:264,(anonymous_20)
FN:275,(anonymous_21)
FN:290,(anonymous_22)
FNF:23
FNH:0
FNDA:0,(anonymous_0)
FNDA:0,(anonymous_1)
FNDA:0,(anonymous_2)
FNDA:0,(anonymous_3)
FNDA:0,(anonymous_4)
FNDA:0,(anonymous_5)
FNDA:0,(anonymous_6)
FNDA:0,(anonymous_7)
FNDA:0,(anonymous_8)
FNDA:0,(anonymous_9)
FNDA:0,(anonymous_10)
FNDA:0,(anonymous_11)
FNDA:0,(anonymous_12)
FNDA:0,(anonymous_13)
FNDA:0,(anonymous_14)
FNDA:0,(anonymous_15)
FNDA:0,(anonymous_16)
FNDA:0,(anonymous_17)
FNDA:0,(anonymous_18)
FNDA:0,(anonymous_19)
FNDA:0,(anonymous_20)
FNDA:0,(anonymous_21)
FNDA:0,(anonymous_22)
DA:6,0
DA:19,0
DA:20,0
DA:21,0
DA:22,0
DA:24,0
DA:29,0
DA:31,0
DA:32,0
DA:37,0
DA:38,0
DA:43,0
DA:44,0
DA:52,0
DA:53,0
DA:54,0
DA:57,0
DA:58,0
DA:61,0
DA:63,0
DA:64,0
DA:69,0
DA:70,0
DA:71,0
DA:72,0
DA:74,0
DA:75,0
DA:80,0
DA:81,0
DA:83,0
DA:84,0
DA:90,0
DA:91,0
DA:92,0
DA:94,0
DA:95,0
DA:102,0
DA:103,0
DA:108,0
DA:109,0
DA:115,0
DA:116,0
DA:117,0
DA:118,0
DA:120,0
DA:129,0
DA:131,0
DA:132,0
DA:137,0
DA:138,0
DA:140,0
DA:141,0
DA:146,0
DA:147,0
DA:149,0
DA:150,0
DA:156,0
DA:157,0
DA:158,0
DA:159,0
DA:160,0
DA:167,0
DA:169,0
DA:170,0
DA:175,0
DA:176,0
DA:181,0
DA:182,0
DA:188,0
DA:189,0
DA:190,0
DA:192,0
DA:194,0
DA:195,0
DA:197,0
DA:199,0
DA:201,0
DA:202,0
DA:210,0
DA:211,0
DA:212,0
DA:213,0
DA:214,0
DA:215,0
DA:218,0
DA:219,0
DA:225,0
DA:226,0
DA:227,0
DA:229,0
DA:230,0
DA:235,0
DA:236,0
DA:238,0
DA:239,0
DA:245,0
DA:246,0
DA:247,0
DA:249,0
DA:250,0
DA:255,0
DA:256,0
DA:258,0
DA:259,0
DA:265,0
DA:266,0
DA:267,0
DA:269,0
DA:270,0
DA:276,0
DA:277,0
DA:283,0
DA:285,0
DA:286,0
DA:291,0
DA:292,0
DA:294,0
DA:295,0
DA:297,0
DA:298,0
DA:300,0
DA:301,0
DA:303,0
DA:304,0
DA:307,0
DA:308,0
LF:126
LH:0
BRDA:21,0,0,0
BRDA:21,0,1,0
BRDA:50,1,0,0
BRDA:57,2,0,0
BRDA:57,2,1,0
BRDA:92,3,0,0
BRDA:92,3,1,0
BRDA:117,4,0,0
BRDA:117,4,1,0
BRDA:123,5,0,0
BRDA:123,5,1,0
BRDA:124,6,0,0
BRDA:124,6,1,0
BRDA:158,7,0,0
BRDA:158,7,1,0
BRDA:162,8,0,0
BRDA:162,8,1,0
BRDA:190,9,0,0
BRDA:190,9,1,0
BRDA:192,10,0,0
BRDA:192,10,1,0
BRDA:194,11,0,0
BRDA:194,11,1,0
BRDA:212,12,0,0
BRDA:212,12,1,0
BRDA:247,13,0,0
BRDA:247,13,1,0
BRDA:294,14,0,0
BRDA:294,14,1,0
BRDA:297,15,0,0
BRDA:297,15,1,0
BRDA:300,16,0,0
BRDA:300,16,1,0
BRDA:303,17,0,0
BRDA:303,17,1,0
BRF:35
BRH:0
end_of_record
TN:
SF:src/utils/logger.ts
FN:5,(anonymous_0)
FN:11,(anonymous_1)
FN:17,(anonymous_2)
FN:21,(anonymous_3)
FNF:4
FNH:0
FNDA:0,(anonymous_0)
FNDA:0,(anonymous_1)
FNDA:0,(anonymous_2)
FNDA:0,(anonymous_3)
DA:6,0
DA:7,0
DA:12,0
DA:13,0
DA:18,0
DA:22,0
DA:23,0
LF:7
LH:0
BRDA:6,0,0,0
BRDA:6,0,1,0
BRDA:12,1,0,0
BRDA:12,1,1,0
BRDA:22,2,0,0
BRDA:22,2,1,0
BRF:6
BRH:0
end_of_record
TN:
SF:src/utils/passwordGenerator.ts
FN:13,(anonymous_0)
FN:50,(anonymous_1)
FN:69,(anonymous_2)
FN:75,(anonymous_3)
FN:76,(anonymous_4)
FN:76,(anonymous_5)
FN:108,(anonymous_6)
FN:119,(anonymous_7)
FN:140,(anonymous_8)
FN:178,(anonymous_9)
FN:192,(anonymous_10)
FN:210,escapeRegExp
FN:214,shuffleString
FN:223,getCharsetSize
FN:232,(anonymous_14)
FN:243,(anonymous_15)
FNF:16
FNH:12
FNDA:4891,(anonymous_0)
FNDA:0,(anonymous_1)
FNDA:170,(anonymous_2)
FNDA:14612,(anonymous_3)
FNDA:664,(anonymous_4)
FNDA:14612,(anonymous_5)
FNDA:181,(anonymous_6)
FNDA:181,(anonymous_7)
FNDA:7,(anonymous_8)
FNDA:0,(anonymous_9)
FNDA:2,(anonymous_10)
FNDA:0,escapeRegExp
FNDA:0,shuffleString
FNDA:9,getCharsetSize
FNDA:1,(anonymous_14)
FNDA:2,(anonymous_15)
DA:3,1
DA:4,1
DA:5,1
DA:6,1
DA:7,1
DA:13,1
DA:14,4891
DA:17,4891
DA:18,4891
DA:19,4891
DA:20,4891
DA:21,4891
DA:22,4891
DA:23,4891
DA:24,4891
DA:29,0
DA:31,0
DA:32,0
DA:33,0
DA:40,0
DA:41,0
DA:42,0
DA:43,0
DA:50,1
DA:51,0
DA:52,0
DA:55,0
DA:57,0
DA:61,0
DA:62,0
DA:63,0
DA:66,0
DA:69,1
DA:70,170
DA:71,170
DA:72,170
DA:74,170
DA:75,14612
DA:76,14612
DA:78,170
DA:79,170
DA:80,170
DA:81,170
DA:82,170
DA:84,170
DA:87,170
DA:88,1
DA:92,170
DA:93,170
DA:94,170
DA:95,170
DA:98,170
DA:101,170
DA:102,1767
DA:103,1767
DA:107,170
DA:108,170
DA:109,181
DA:119,170
DA:120,181
DA:121,2461
DA:122,2461
DA:126,170
DA:127,170
DA:130,170
DA:131,170
DA:132,11
DA:133,11
DA:134,11
DA:137,170
DA:140,1
DA:143,7
DA:145,7
DA:146,7
DA:149,7
DA:150,7
DA:151,7
DA:154,7
DA:155,7
DA:156,7
DA:157,7
DA:160,7
DA:161,7
DA:162,7
DA:163,7
DA:166,7
DA:167,7
DA:169,7
DA:170,7
DA:173,7
DA:175,7
DA:178,1
DA:181,0
DA:189,0
DA:192,1
DA:193,2
DA:194,2
DA:195,2
DA:197,2
DA:199,2
DA:200,1
DA:201,1
DA:202,1
DA:203,1
DA:204,1
DA:206,1
DA:211,0
DA:215,0
DA:216,0
DA:217,0
DA:218,0
DA:220,0
DA:224,9
DA:225,9
DA:226,9
DA:227,9
DA:228,9
DA:229,9
DA:232,1
DA:236,1
DA:237,1
DA:238,10
DA:240,1
DA:243,1
DA:246,2
DA:254,2
DA:256,2
LF:127
LH:103
BRDA:14,0,0,0
BRDA:14,0,1,4891
BRDA:18,1,0,4891
BRDA:18,1,1,0
BRDA:18,2,0,4891
BRDA:18,2,1,4891
BRDA:24,3,0,4891
BRDA:24,3,1,0
BRDA:32,4,0,0
BRDA:32,4,1,0
BRDA:43,5,0,0
BRDA:43,5,1,0
BRDA:74,6,0,1
BRDA:74,6,1,169
BRDA:75,7,0,14612
BRDA:75,7,1,14609
BRDA:75,8,0,88
BRDA:75,8,1,14521
BRDA:78,9,0,169
BRDA:78,9,1,1
BRDA:79,10,0,168
BRDA:79,10,1,2
BRDA:80,11,0,168
BRDA:80,11,1,2
BRDA:81,12,0,158
BRDA:81,12,1,12
BRDA:82,13,0,0
BRDA:82,13,1,170
BRDA:87,14,0,1
BRDA:87,14,1,169
BRDA:92,15,0,169
BRDA:92,15,1,1
BRDA:93,16,0,168
BRDA:93,16,1,2
BRDA:94,17,0,168
BRDA:94,17,1,2
BRDA:95,18,0,158
BRDA:95,18,1,12
BRDA:110,19,0,181
BRDA:110,19,1,170
BRDA:110,19,2,169
BRDA:110,19,3,169
BRDA:110,19,4,169
BRDA:110,19,5,169
BRDA:131,20,0,181
BRDA:131,20,1,12
BRDA:143,21,0,0
BRDA:143,21,1,7
BRDA:149,22,0,6
BRDA:149,22,1,1
BRDA:150,23,0,2
BRDA:150,23,1,5
BRDA:151,24,0,2
BRDA:151,24,1,5
BRDA:154,25,0,5
BRDA:154,25,1,2
BRDA:155,26,0,2
BRDA:155,26,1,5
BRDA:156,27,0,7
BRDA:156,27,1,0
BRDA:157,28,0,2
BRDA:157,28,1,5
BRDA:160,29,0,0
BRDA:160,29,1,7
BRDA:161,30,0,0
BRDA:161,30,1,7
BRDA:162,31,0,2
BRDA:162,31,1,5
BRDA:163,32,0,4
BRDA:163,32,1,3
BRDA:169,33,0,2
BRDA:169,33,1,5
BRDA:170,34,0,2
BRDA:170,34,1,5
BRDA:199,35,0,1
BRDA:199,35,1,1
BRDA:200,36,0,0
BRDA:200,36,1,1
BRDA:201,37,0,0
BRDA:201,37,1,1
BRDA:202,38,0,0
BRDA:202,38,1,1
BRDA:203,39,0,0
BRDA:203,39,1,1
BRDA:204,40,0,0
BRDA:204,40,1,1
BRDA:225,41,0,6
BRDA:225,41,1,3
BRDA:226,42,0,3
BRDA:226,42,1,6
BRDA:227,43,0,9
BRDA:227,43,1,0
BRDA:228,44,0,3
BRDA:228,44,1,6
BRDA:229,45,0,9
BRDA:229,45,1,0
BRDA:246,46,0,2
BRDA:246,46,1,2
BRDA:246,46,2,1
BRDA:246,46,3,1
BRDA:246,46,4,1
BRDA:246,46,5,1
BRDA:254,47,0,2
BRDA:254,47,1,1
BRDA:256,48,0,2
BRDA:256,48,1,1
BRF:106
BRH:87
end_of_record
